<?xml version="1.0" encoding="UTF-8"?>
<!-- Generated by org.testng.reporters.JUnitXMLReporter -->
<testsuite hostname="jaydeep" ignored="8" name="Default test" tests="1" failures="0" timestamp="26 Apr 2017 13:51:09 GMT" time="47.386" errors="0">
  <testcase name="testloginWithValidCredentails" time="39.87" classname="test.patient.HealPatientLoginTest"/>
  <testcase name="testSecurityCheckRedirectToLoginPage" time="0.0" classname="test.patient.HealPatientLoginTest">
    <ignored/>
  </testcase> <!-- testSecurityCheckRedirectToLoginPage -->
  <testcase name="testValidationOfLoginForm" time="0.0" classname="test.patient.HealPatientLoginTest">
    <ignored/>
  </testcase> <!-- testValidationOfLoginForm -->
  <testcase name="testSecurityWithInvalidURL" time="0.0" classname="test.patient.HealPatientLoginTest">
    <ignored/>
  </testcase> <!-- testSecurityWithInvalidURL -->
  <testcase name="testNormsAndConditionsLink" time="0.0" classname="test.patient.HealPatientLoginTest">
    <ignored/>
  </testcase> <!-- testNormsAndConditionsLink -->
  <testcase name="testBrowserbackButtonFlow" time="0.0" classname="test.patient.HealPatientLoginTest">
    <ignored/>
  </testcase> <!-- testBrowserbackButtonFlow -->
  <testcase name="testRegisterLinkFlow" time="0.0" classname="test.patient.HealPatientLoginTest">
    <ignored/>
  </testcase> <!-- testRegisterLinkFlow -->
  <testcase name="testElementsOfLoginPage" time="0.0" classname="test.patient.HealPatientLoginTest">
    <ignored/>
  </testcase> <!-- testElementsOfLoginPage -->
  <testcase name="testLogInFormWithBlankData" time="0.0" classname="test.patient.HealPatientLoginTest">
    <ignored/>
  </testcase> <!-- testLogInFormWithBlankData -->
</testsuite> <!-- Default test -->
