<?xml version="1.0" encoding="UTF-8"?>
<testsuite name="Test"
           tests="15"
           failures="0"
           errors="0"
           skipped="0"
           time="862.263">
  <properties />
  
  
            <testcase name="testRegisterWithValidData" time="38.549" classname="test.patient.RegisterTest" />
                <testcase name="testElementsOfRegisterPage" time="161.358" classname="test.patient.RegisterTest" />
                <testcase name="testPasswordMismatch" time="20.393" classname="test.patient.RegisterTest" />
                <testcase name="testSecurityCheckRedirectToRegisterPage" time="13.110" classname="test.patient.RegisterTest" />
                <testcase name="testRegisterWithExistingUserName" time="20.257" classname="test.patient.RegisterTest" />
                <testcase name="testNormsAndConditionsLink" time="73.361" classname="test.patient.RegisterTest" />
                <testcase name="testUnsupportedZipcodeElements" time="72.793" classname="test.patient.RegisterTest" />
                <testcase name="testConsistentErrorMessageForBlankFiled" time="41.492" classname="test.patient.RegisterTest" />
                <testcase name="testLogInLinkFlow" time="9.742" classname="test.patient.RegisterTest" />
                <testcase name="testValidInvalidPassword" time="151.923" classname="test.patient.RegisterTest" />
                <testcase name="testValidInvalidEmailAddress" time="86.746" classname="test.patient.RegisterTest" />
                <testcase name="testBrowserbackButtonFlow" time="45.466" classname="test.patient.RegisterTest" />
                <testcase name="testUnsupportedZipcodeContinue" time="27.514" classname="test.patient.RegisterTest" />
                <testcase name="testRegisterFormWithBlankData" time="67.716" classname="test.patient.RegisterTest" />
                <testcase name="testInvalidPhoneNumber" time="31.843" classname="test.patient.RegisterTest" />
      
</testsuite>
