<?xml version="1.0" encoding="UTF-8"?>
<!-- Generated by org.testng.reporters.JUnitXMLReporter -->
<testsuite hostname="Manish_Gupta" name="Heal-Patient-Register-Test" tests="18" failures="17" timestamp="19 Apr 2017 08:29:09 GMT" time="0.664" errors="0">
  <testcase name="testBrowserbackButtonFlow" time="0.273" classname="test.patient.HealPatientRegisterTest">
    <failure type="org.openqa.selenium.NoSuchSessionException" message="Session ID is null. Using WebDriver after calling quit()?
Build info: version: &amp;apos;3.3.1&amp;apos;, revision: &amp;apos;5234b32&amp;apos;, time: &amp;apos;2017-03-10 09:04:52 -0800&amp;apos;
System info: host: &amp;apos;MANISH_GUPTA&amp;apos;, ip: &amp;apos;103.236.124.66&amp;apos;, os.name: &amp;apos;Windows 10&amp;apos;, os.arch: &amp;apos;amd64&amp;apos;, os.version: &amp;apos;10.0&amp;apos;, java.version: &amp;apos;1.8.0_121&amp;apos;
Driver info: driver.version: TestDriver">
      <![CDATA[org.openqa.selenium.NoSuchSessionException: Session ID is null. Using WebDriver after calling quit()?
Build info: version: '3.3.1', revision: '5234b32', time: '2017-03-10 09:04:52 -0800'
System info: host: 'MANISH_GUPTA', ip: '103.236.124.66', os.name: 'Windows 10', os.arch: 'amd64', os.version: '10.0', java.version: '1.8.0_121'
Driver info: driver.version: TestDriver
	at org.openqa.selenium.remote.HttpCommandExecutor.execute(HttpCommandExecutor.java:130)
	at org.openqa.selenium.remote.service.DriverCommandExecutor.execute(DriverCommandExecutor.java:82)
	at org.openqa.selenium.remote.RemoteWebDriver.execute(RemoteWebDriver.java:604)
	at org.openqa.selenium.remote.RemoteWebDriver.get(RemoteWebDriver.java:325)
	at lib.common.TestDriver.loadURL(TestDriver.java:376)
	at lib.common.Browser.loadURL(Browser.java:40)
	at lib.patient.RegisterPage.newRegistration(RegisterPage.java:83)
	at test.patient.HealPatientRegisterTest.testBrowserbackButtonFlow(HealPatientRegisterTest.java:172)
... Removed 25 stack frames]]>
    </failure>
  </testcase> <!-- testBrowserbackButtonFlow -->
  <testcase name="testConsistentErrorMessageForBlankFiled" time="0.009" classname="test.patient.HealPatientRegisterTest">
    <failure type="org.openqa.selenium.NoSuchSessionException" message="Session ID is null. Using WebDriver after calling quit()?
Build info: version: &amp;apos;3.3.1&amp;apos;, revision: &amp;apos;5234b32&amp;apos;, time: &amp;apos;2017-03-10 09:04:52 -0800&amp;apos;
System info: host: &amp;apos;MANISH_GUPTA&amp;apos;, ip: &amp;apos;103.236.124.66&amp;apos;, os.name: &amp;apos;Windows 10&amp;apos;, os.arch: &amp;apos;amd64&amp;apos;, os.version: &amp;apos;10.0&amp;apos;, java.version: &amp;apos;1.8.0_121&amp;apos;
Driver info: driver.version: TestDriver">
      <![CDATA[org.openqa.selenium.NoSuchSessionException: Session ID is null. Using WebDriver after calling quit()?
Build info: version: '3.3.1', revision: '5234b32', time: '2017-03-10 09:04:52 -0800'
System info: host: 'MANISH_GUPTA', ip: '103.236.124.66', os.name: 'Windows 10', os.arch: 'amd64', os.version: '10.0', java.version: '1.8.0_121'
Driver info: driver.version: TestDriver
	at org.openqa.selenium.remote.HttpCommandExecutor.execute(HttpCommandExecutor.java:130)
	at org.openqa.selenium.remote.service.DriverCommandExecutor.execute(DriverCommandExecutor.java:82)
	at org.openqa.selenium.remote.RemoteWebDriver.execute(RemoteWebDriver.java:604)
	at org.openqa.selenium.remote.RemoteWebDriver.get(RemoteWebDriver.java:325)
	at lib.common.TestDriver.loadURL(TestDriver.java:376)
	at lib.common.Browser.loadURL(Browser.java:40)
	at lib.patient.RegisterPage.loadURL(RegisterPage.java:28)
	at lib.patient.RegisterPage.validPatientRegisterUrl(RegisterPage.java:201)
	at test.patient.HealPatientRegisterTest.testConsistentErrorMessageForBlankFiled(HealPatientRegisterTest.java:296)
... Removed 25 stack frames]]>
    </failure>
  </testcase> <!-- testConsistentErrorMessageForBlankFiled -->
  <testcase name="testElementsOfRegisterPage" time="0.005" classname="test.patient.HealPatientRegisterTest">
    <failure type="org.openqa.selenium.NoSuchSessionException" message="Session ID is null. Using WebDriver after calling quit()?
Build info: version: &amp;apos;3.3.1&amp;apos;, revision: &amp;apos;5234b32&amp;apos;, time: &amp;apos;2017-03-10 09:04:52 -0800&amp;apos;
System info: host: &amp;apos;MANISH_GUPTA&amp;apos;, ip: &amp;apos;103.236.124.66&amp;apos;, os.name: &amp;apos;Windows 10&amp;apos;, os.arch: &amp;apos;amd64&amp;apos;, os.version: &amp;apos;10.0&amp;apos;, java.version: &amp;apos;1.8.0_121&amp;apos;
Driver info: driver.version: TestDriver">
      <![CDATA[org.openqa.selenium.NoSuchSessionException: Session ID is null. Using WebDriver after calling quit()?
Build info: version: '3.3.1', revision: '5234b32', time: '2017-03-10 09:04:52 -0800'
System info: host: 'MANISH_GUPTA', ip: '103.236.124.66', os.name: 'Windows 10', os.arch: 'amd64', os.version: '10.0', java.version: '1.8.0_121'
Driver info: driver.version: TestDriver
	at org.openqa.selenium.remote.HttpCommandExecutor.execute(HttpCommandExecutor.java:130)
	at org.openqa.selenium.remote.service.DriverCommandExecutor.execute(DriverCommandExecutor.java:82)
	at org.openqa.selenium.remote.RemoteWebDriver.execute(RemoteWebDriver.java:604)
	at org.openqa.selenium.remote.RemoteWebDriver.get(RemoteWebDriver.java:325)
	at lib.common.TestDriver.loadURL(TestDriver.java:376)
	at lib.common.Browser.loadURL(Browser.java:40)
	at lib.patient.RegisterPage.loadURL(RegisterPage.java:28)
	at lib.patient.RegisterPage.validPatientRegisterUrl(RegisterPage.java:201)
	at test.patient.HealPatientRegisterTest.testElementsOfRegisterPage(HealPatientRegisterTest.java:80)
... Removed 25 stack frames]]>
    </failure>
  </testcase> <!-- testElementsOfRegisterPage -->
  <testcase name="testInvalidPhoneNumber" time="0.007" classname="test.patient.HealPatientRegisterTest">
    <failure type="org.openqa.selenium.NoSuchSessionException" message="Session ID is null. Using WebDriver after calling quit()?
Build info: version: &amp;apos;3.3.1&amp;apos;, revision: &amp;apos;5234b32&amp;apos;, time: &amp;apos;2017-03-10 09:04:52 -0800&amp;apos;
System info: host: &amp;apos;MANISH_GUPTA&amp;apos;, ip: &amp;apos;103.236.124.66&amp;apos;, os.name: &amp;apos;Windows 10&amp;apos;, os.arch: &amp;apos;amd64&amp;apos;, os.version: &amp;apos;10.0&amp;apos;, java.version: &amp;apos;1.8.0_121&amp;apos;
Driver info: driver.version: TestDriver">
      <![CDATA[org.openqa.selenium.NoSuchSessionException: Session ID is null. Using WebDriver after calling quit()?
Build info: version: '3.3.1', revision: '5234b32', time: '2017-03-10 09:04:52 -0800'
System info: host: 'MANISH_GUPTA', ip: '103.236.124.66', os.name: 'Windows 10', os.arch: 'amd64', os.version: '10.0', java.version: '1.8.0_121'
Driver info: driver.version: TestDriver
	at org.openqa.selenium.remote.HttpCommandExecutor.execute(HttpCommandExecutor.java:130)
	at org.openqa.selenium.remote.service.DriverCommandExecutor.execute(DriverCommandExecutor.java:82)
	at org.openqa.selenium.remote.RemoteWebDriver.execute(RemoteWebDriver.java:604)
	at org.openqa.selenium.remote.RemoteWebDriver.get(RemoteWebDriver.java:325)
	at lib.common.TestDriver.loadURL(TestDriver.java:376)
	at lib.common.Browser.loadURL(Browser.java:40)
	at lib.patient.RegisterPage.newRegistrationWithInvalidPhoneNumber(RegisterPage.java:273)
	at test.patient.HealPatientRegisterTest.testInvalidPhoneNumber(HealPatientRegisterTest.java:315)
... Removed 25 stack frames]]>
    </failure>
  </testcase> <!-- testInvalidPhoneNumber -->
  <testcase name="testLogInLinkFlow" time="0.002" classname="test.patient.HealPatientRegisterTest">
    <failure type="org.openqa.selenium.NoSuchSessionException" message="Session ID is null. Using WebDriver after calling quit()?
Build info: version: &amp;apos;3.3.1&amp;apos;, revision: &amp;apos;5234b32&amp;apos;, time: &amp;apos;2017-03-10 09:04:52 -0800&amp;apos;
System info: host: &amp;apos;MANISH_GUPTA&amp;apos;, ip: &amp;apos;103.236.124.66&amp;apos;, os.name: &amp;apos;Windows 10&amp;apos;, os.arch: &amp;apos;amd64&amp;apos;, os.version: &amp;apos;10.0&amp;apos;, java.version: &amp;apos;1.8.0_121&amp;apos;
Driver info: driver.version: TestDriver">
      <![CDATA[org.openqa.selenium.NoSuchSessionException: Session ID is null. Using WebDriver after calling quit()?
Build info: version: '3.3.1', revision: '5234b32', time: '2017-03-10 09:04:52 -0800'
System info: host: 'MANISH_GUPTA', ip: '103.236.124.66', os.name: 'Windows 10', os.arch: 'amd64', os.version: '10.0', java.version: '1.8.0_121'
Driver info: driver.version: TestDriver
	at org.openqa.selenium.remote.HttpCommandExecutor.execute(HttpCommandExecutor.java:130)
	at org.openqa.selenium.remote.service.DriverCommandExecutor.execute(DriverCommandExecutor.java:82)
	at org.openqa.selenium.remote.RemoteWebDriver.execute(RemoteWebDriver.java:604)
	at org.openqa.selenium.remote.RemoteWebDriver.get(RemoteWebDriver.java:325)
	at lib.common.TestDriver.loadURL(TestDriver.java:376)
	at lib.common.Browser.loadURL(Browser.java:40)
	at lib.patient.RegisterPage.loadURL(RegisterPage.java:28)
	at lib.patient.RegisterPage.validPatientRegisterUrl(RegisterPage.java:201)
	at test.patient.HealPatientRegisterTest.testLogInLinkFlow(HealPatientRegisterTest.java:186)
... Removed 25 stack frames]]>
    </failure>
  </testcase> <!-- testLogInLinkFlow -->
  <testcase name="testNormsAndConditionsLink" time="0.004" classname="test.patient.HealPatientRegisterTest">
    <failure type="org.openqa.selenium.NoSuchSessionException" message="Session ID is null. Using WebDriver after calling quit()?
Build info: version: &amp;apos;3.3.1&amp;apos;, revision: &amp;apos;5234b32&amp;apos;, time: &amp;apos;2017-03-10 09:04:52 -0800&amp;apos;
System info: host: &amp;apos;MANISH_GUPTA&amp;apos;, ip: &amp;apos;103.236.124.66&amp;apos;, os.name: &amp;apos;Windows 10&amp;apos;, os.arch: &amp;apos;amd64&amp;apos;, os.version: &amp;apos;10.0&amp;apos;, java.version: &amp;apos;1.8.0_121&amp;apos;
Driver info: driver.version: TestDriver">
      <![CDATA[org.openqa.selenium.NoSuchSessionException: Session ID is null. Using WebDriver after calling quit()?
Build info: version: '3.3.1', revision: '5234b32', time: '2017-03-10 09:04:52 -0800'
System info: host: 'MANISH_GUPTA', ip: '103.236.124.66', os.name: 'Windows 10', os.arch: 'amd64', os.version: '10.0', java.version: '1.8.0_121'
Driver info: driver.version: TestDriver
	at org.openqa.selenium.remote.HttpCommandExecutor.execute(HttpCommandExecutor.java:130)
	at org.openqa.selenium.remote.service.DriverCommandExecutor.execute(DriverCommandExecutor.java:82)
	at org.openqa.selenium.remote.RemoteWebDriver.execute(RemoteWebDriver.java:604)
	at org.openqa.selenium.remote.RemoteWebDriver.get(RemoteWebDriver.java:325)
	at lib.common.TestDriver.loadURL(TestDriver.java:376)
	at lib.common.Browser.loadURL(Browser.java:40)
	at lib.patient.RegisterPage.loadURL(RegisterPage.java:28)
	at lib.patient.RegisterPage.validPatientRegisterUrl(RegisterPage.java:201)
	at test.patient.HealPatientRegisterTest.testNormsAndConditionsLink(HealPatientRegisterTest.java:463)
... Removed 25 stack frames]]>
    </failure>
  </testcase> <!-- testNormsAndConditionsLink -->
  <testcase name="testPasswordMismatch" time="0.003" classname="test.patient.HealPatientRegisterTest">
    <failure type="org.openqa.selenium.NoSuchSessionException" message="Session ID is null. Using WebDriver after calling quit()?
Build info: version: &amp;apos;3.3.1&amp;apos;, revision: &amp;apos;5234b32&amp;apos;, time: &amp;apos;2017-03-10 09:04:52 -0800&amp;apos;
System info: host: &amp;apos;MANISH_GUPTA&amp;apos;, ip: &amp;apos;103.236.124.66&amp;apos;, os.name: &amp;apos;Windows 10&amp;apos;, os.arch: &amp;apos;amd64&amp;apos;, os.version: &amp;apos;10.0&amp;apos;, java.version: &amp;apos;1.8.0_121&amp;apos;
Driver info: driver.version: TestDriver">
      <![CDATA[org.openqa.selenium.NoSuchSessionException: Session ID is null. Using WebDriver after calling quit()?
Build info: version: '3.3.1', revision: '5234b32', time: '2017-03-10 09:04:52 -0800'
System info: host: 'MANISH_GUPTA', ip: '103.236.124.66', os.name: 'Windows 10', os.arch: 'amd64', os.version: '10.0', java.version: '1.8.0_121'
Driver info: driver.version: TestDriver
	at org.openqa.selenium.remote.HttpCommandExecutor.execute(HttpCommandExecutor.java:130)
	at org.openqa.selenium.remote.service.DriverCommandExecutor.execute(DriverCommandExecutor.java:82)
	at org.openqa.selenium.remote.RemoteWebDriver.execute(RemoteWebDriver.java:604)
	at org.openqa.selenium.remote.RemoteWebDriver.get(RemoteWebDriver.java:325)
	at lib.common.TestDriver.loadURL(TestDriver.java:376)
	at lib.common.Browser.loadURL(Browser.java:40)
	at lib.patient.RegisterPage.newRegistrationWithMismatchPassword(RegisterPage.java:174)
	at test.patient.HealPatientRegisterTest.testPasswordMismatch(HealPatientRegisterTest.java:285)
... Removed 25 stack frames]]>
    </failure>
  </testcase> <!-- testPasswordMismatch -->
  <testcase name="testRegisterFormWithBlankData" time="0.003" classname="test.patient.HealPatientRegisterTest">
    <failure type="org.openqa.selenium.NoSuchSessionException" message="Session ID is null. Using WebDriver after calling quit()?
Build info: version: &amp;apos;3.3.1&amp;apos;, revision: &amp;apos;5234b32&amp;apos;, time: &amp;apos;2017-03-10 09:04:52 -0800&amp;apos;
System info: host: &amp;apos;MANISH_GUPTA&amp;apos;, ip: &amp;apos;103.236.124.66&amp;apos;, os.name: &amp;apos;Windows 10&amp;apos;, os.arch: &amp;apos;amd64&amp;apos;, os.version: &amp;apos;10.0&amp;apos;, java.version: &amp;apos;1.8.0_121&amp;apos;
Driver info: driver.version: TestDriver">
      <![CDATA[org.openqa.selenium.NoSuchSessionException: Session ID is null. Using WebDriver after calling quit()?
Build info: version: '3.3.1', revision: '5234b32', time: '2017-03-10 09:04:52 -0800'
System info: host: 'MANISH_GUPTA', ip: '103.236.124.66', os.name: 'Windows 10', os.arch: 'amd64', os.version: '10.0', java.version: '1.8.0_121'
Driver info: driver.version: TestDriver
	at org.openqa.selenium.remote.HttpCommandExecutor.execute(HttpCommandExecutor.java:130)
	at org.openqa.selenium.remote.service.DriverCommandExecutor.execute(DriverCommandExecutor.java:82)
	at org.openqa.selenium.remote.RemoteWebDriver.execute(RemoteWebDriver.java:604)
	at org.openqa.selenium.remote.RemoteWebDriver.get(RemoteWebDriver.java:325)
	at lib.common.TestDriver.loadURL(TestDriver.java:376)
	at lib.common.Browser.loadURL(Browser.java:40)
	at lib.patient.RegisterPage.loadURL(RegisterPage.java:28)
	at lib.patient.RegisterPage.validPatientRegisterUrl(RegisterPage.java:201)
	at test.patient.HealPatientRegisterTest.testRegisterFormWithBlankData(HealPatientRegisterTest.java:149)
... Removed 25 stack frames]]>
    </failure>
  </testcase> <!-- testRegisterFormWithBlankData -->
  <testcase name="testRegisterWithExistingUserName" time="0.003" classname="test.patient.HealPatientRegisterTest">
    <failure type="org.openqa.selenium.NoSuchSessionException" message="Session ID is null. Using WebDriver after calling quit()?
Build info: version: &amp;apos;3.3.1&amp;apos;, revision: &amp;apos;5234b32&amp;apos;, time: &amp;apos;2017-03-10 09:04:52 -0800&amp;apos;
System info: host: &amp;apos;MANISH_GUPTA&amp;apos;, ip: &amp;apos;103.236.124.66&amp;apos;, os.name: &amp;apos;Windows 10&amp;apos;, os.arch: &amp;apos;amd64&amp;apos;, os.version: &amp;apos;10.0&amp;apos;, java.version: &amp;apos;1.8.0_121&amp;apos;
Driver info: driver.version: TestDriver">
      <![CDATA[org.openqa.selenium.NoSuchSessionException: Session ID is null. Using WebDriver after calling quit()?
Build info: version: '3.3.1', revision: '5234b32', time: '2017-03-10 09:04:52 -0800'
System info: host: 'MANISH_GUPTA', ip: '103.236.124.66', os.name: 'Windows 10', os.arch: 'amd64', os.version: '10.0', java.version: '1.8.0_121'
Driver info: driver.version: TestDriver
	at org.openqa.selenium.remote.HttpCommandExecutor.execute(HttpCommandExecutor.java:130)
	at org.openqa.selenium.remote.service.DriverCommandExecutor.execute(DriverCommandExecutor.java:82)
	at org.openqa.selenium.remote.RemoteWebDriver.execute(RemoteWebDriver.java:604)
	at org.openqa.selenium.remote.RemoteWebDriver.get(RemoteWebDriver.java:325)
	at lib.common.TestDriver.loadURL(TestDriver.java:376)
	at lib.common.Browser.loadURL(Browser.java:40)
	at lib.patient.RegisterPage.newRegistrationWithExistingEmail(RegisterPage.java:145)
	at test.patient.HealPatientRegisterTest.testRegisterWithExistingUserName(HealPatientRegisterTest.java:274)
... Removed 25 stack frames]]>
    </failure>
  </testcase> <!-- testRegisterWithExistingUserName -->
  <testcase name="testRegisterWithValidData" time="0.002" classname="test.patient.HealPatientRegisterTest">
    <failure type="org.openqa.selenium.NoSuchSessionException" message="Session ID is null. Using WebDriver after calling quit()?
Build info: version: &amp;apos;3.3.1&amp;apos;, revision: &amp;apos;5234b32&amp;apos;, time: &amp;apos;2017-03-10 09:04:52 -0800&amp;apos;
System info: host: &amp;apos;MANISH_GUPTA&amp;apos;, ip: &amp;apos;103.236.124.66&amp;apos;, os.name: &amp;apos;Windows 10&amp;apos;, os.arch: &amp;apos;amd64&amp;apos;, os.version: &amp;apos;10.0&amp;apos;, java.version: &amp;apos;1.8.0_121&amp;apos;
Driver info: driver.version: TestDriver">
      <![CDATA[org.openqa.selenium.NoSuchSessionException: Session ID is null. Using WebDriver after calling quit()?
Build info: version: '3.3.1', revision: '5234b32', time: '2017-03-10 09:04:52 -0800'
System info: host: 'MANISH_GUPTA', ip: '103.236.124.66', os.name: 'Windows 10', os.arch: 'amd64', os.version: '10.0', java.version: '1.8.0_121'
Driver info: driver.version: TestDriver
	at org.openqa.selenium.remote.HttpCommandExecutor.execute(HttpCommandExecutor.java:130)
	at org.openqa.selenium.remote.service.DriverCommandExecutor.execute(DriverCommandExecutor.java:82)
	at org.openqa.selenium.remote.RemoteWebDriver.execute(RemoteWebDriver.java:604)
	at org.openqa.selenium.remote.RemoteWebDriver.get(RemoteWebDriver.java:325)
	at lib.common.TestDriver.loadURL(TestDriver.java:376)
	at lib.common.Browser.loadURL(Browser.java:40)
	at lib.patient.RegisterPage.newRegistration(RegisterPage.java:83)
	at test.patient.HealPatientRegisterTest.testRegisterWithValidData(HealPatientRegisterTest.java:198)
... Removed 25 stack frames]]>
    </failure>
  </testcase> <!-- testRegisterWithValidData -->
  <testcase name="testSecurityCheckRedirectToRegisterPage" time="0.004" classname="test.patient.HealPatientRegisterTest">
    <failure type="org.openqa.selenium.NoSuchSessionException" message="Session ID is null. Using WebDriver after calling quit()?
Build info: version: &amp;apos;3.3.1&amp;apos;, revision: &amp;apos;5234b32&amp;apos;, time: &amp;apos;2017-03-10 09:04:52 -0800&amp;apos;
System info: host: &amp;apos;MANISH_GUPTA&amp;apos;, ip: &amp;apos;103.236.124.66&amp;apos;, os.name: &amp;apos;Windows 10&amp;apos;, os.arch: &amp;apos;amd64&amp;apos;, os.version: &amp;apos;10.0&amp;apos;, java.version: &amp;apos;1.8.0_121&amp;apos;
Driver info: driver.version: TestDriver">
      <![CDATA[org.openqa.selenium.NoSuchSessionException: Session ID is null. Using WebDriver after calling quit()?
Build info: version: '3.3.1', revision: '5234b32', time: '2017-03-10 09:04:52 -0800'
System info: host: 'MANISH_GUPTA', ip: '103.236.124.66', os.name: 'Windows 10', os.arch: 'amd64', os.version: '10.0', java.version: '1.8.0_121'
Driver info: driver.version: TestDriver
	at org.openqa.selenium.remote.HttpCommandExecutor.execute(HttpCommandExecutor.java:130)
	at org.openqa.selenium.remote.service.DriverCommandExecutor.execute(DriverCommandExecutor.java:82)
	at org.openqa.selenium.remote.RemoteWebDriver.execute(RemoteWebDriver.java:604)
	at org.openqa.selenium.remote.RemoteWebDriver.get(RemoteWebDriver.java:325)
	at lib.common.TestDriver.loadURL(TestDriver.java:376)
	at lib.common.Browser.loadURL(Browser.java:40)
	at lib.patient.RegisterPage.loadURL(RegisterPage.java:28)
	at lib.patient.RegisterPage.validPatientRegisterUrl(RegisterPage.java:201)
	at test.patient.HealPatientRegisterTest.testSecurityCheckRedirectToRegisterPage(HealPatientRegisterTest.java:52)
... Removed 25 stack frames]]>
    </failure>
  </testcase> <!-- testSecurityCheckRedirectToRegisterPage -->
  <testcase name="testSecurityWithInvalidURL" time="0.03" classname="test.patient.HealPatientRegisterTest">
    <failure type="org.openqa.selenium.NoSuchSessionException" message="Session ID is null. Using WebDriver after calling quit()?
Build info: version: &amp;apos;3.3.1&amp;apos;, revision: &amp;apos;5234b32&amp;apos;, time: &amp;apos;2017-03-10 09:04:52 -0800&amp;apos;
System info: host: &amp;apos;MANISH_GUPTA&amp;apos;, ip: &amp;apos;103.236.124.66&amp;apos;, os.name: &amp;apos;Windows 10&amp;apos;, os.arch: &amp;apos;amd64&amp;apos;, os.version: &amp;apos;10.0&amp;apos;, java.version: &amp;apos;1.8.0_121&amp;apos;
Driver info: driver.version: TestDriver">
      <![CDATA[org.openqa.selenium.NoSuchSessionException: Session ID is null. Using WebDriver after calling quit()?
Build info: version: '3.3.1', revision: '5234b32', time: '2017-03-10 09:04:52 -0800'
System info: host: 'MANISH_GUPTA', ip: '103.236.124.66', os.name: 'Windows 10', os.arch: 'amd64', os.version: '10.0', java.version: '1.8.0_121'
Driver info: driver.version: TestDriver
	at org.openqa.selenium.remote.HttpCommandExecutor.execute(HttpCommandExecutor.java:130)
	at org.openqa.selenium.remote.service.DriverCommandExecutor.execute(DriverCommandExecutor.java:82)
	at org.openqa.selenium.remote.RemoteWebDriver.execute(RemoteWebDriver.java:604)
	at org.openqa.selenium.remote.RemoteWebDriver.get(RemoteWebDriver.java:325)
	at lib.common.TestDriver.loadURL(TestDriver.java:376)
	at lib.common.Browser.loadURL(Browser.java:40)
	at lib.patient.RegisterPage.loadURL(RegisterPage.java:28)
	at lib.patient.RegisterPage.validPatientRegisterUrl(RegisterPage.java:201)
	at test.patient.HealPatientRegisterTest.testSecurityWithInvalidURL(HealPatientRegisterTest.java:67)
... Removed 25 stack frames]]>
    </failure>
  </testcase> <!-- testSecurityWithInvalidURL -->
  <testcase name="testUnsupportedZipcodeContinue" time="0.005" classname="test.patient.HealPatientRegisterTest">
    <failure type="org.openqa.selenium.NoSuchSessionException" message="Session ID is null. Using WebDriver after calling quit()?
Build info: version: &amp;apos;3.3.1&amp;apos;, revision: &amp;apos;5234b32&amp;apos;, time: &amp;apos;2017-03-10 09:04:52 -0800&amp;apos;
System info: host: &amp;apos;MANISH_GUPTA&amp;apos;, ip: &amp;apos;103.236.124.66&amp;apos;, os.name: &amp;apos;Windows 10&amp;apos;, os.arch: &amp;apos;amd64&amp;apos;, os.version: &amp;apos;10.0&amp;apos;, java.version: &amp;apos;1.8.0_121&amp;apos;
Driver info: driver.version: TestDriver">
      <![CDATA[org.openqa.selenium.NoSuchSessionException: Session ID is null. Using WebDriver after calling quit()?
Build info: version: '3.3.1', revision: '5234b32', time: '2017-03-10 09:04:52 -0800'
System info: host: 'MANISH_GUPTA', ip: '103.236.124.66', os.name: 'Windows 10', os.arch: 'amd64', os.version: '10.0', java.version: '1.8.0_121'
Driver info: driver.version: TestDriver
	at org.openqa.selenium.remote.HttpCommandExecutor.execute(HttpCommandExecutor.java:130)
	at org.openqa.selenium.remote.service.DriverCommandExecutor.execute(DriverCommandExecutor.java:82)
	at org.openqa.selenium.remote.RemoteWebDriver.execute(RemoteWebDriver.java:604)
	at org.openqa.selenium.remote.RemoteWebDriver.get(RemoteWebDriver.java:325)
	at lib.common.TestDriver.loadURL(TestDriver.java:376)
	at lib.common.Browser.loadURL(Browser.java:40)
	at lib.patient.RegisterPage.newRegistrationWithUnSupportedZipCode(RegisterPage.java:114)
	at test.patient.HealPatientRegisterTest.testUnsupportedZipcodeContinue(HealPatientRegisterTest.java:235)
... Removed 25 stack frames]]>
    </failure>
  </testcase> <!-- testUnsupportedZipcodeContinue -->
  <testcase name="testUnsupportedZipcodeElements" time="0.004" classname="test.patient.HealPatientRegisterTest">
    <failure type="org.openqa.selenium.NoSuchSessionException" message="Session ID is null. Using WebDriver after calling quit()?
Build info: version: &amp;apos;3.3.1&amp;apos;, revision: &amp;apos;5234b32&amp;apos;, time: &amp;apos;2017-03-10 09:04:52 -0800&amp;apos;
System info: host: &amp;apos;MANISH_GUPTA&amp;apos;, ip: &amp;apos;103.236.124.66&amp;apos;, os.name: &amp;apos;Windows 10&amp;apos;, os.arch: &amp;apos;amd64&amp;apos;, os.version: &amp;apos;10.0&amp;apos;, java.version: &amp;apos;1.8.0_121&amp;apos;
Driver info: driver.version: TestDriver">
      <![CDATA[org.openqa.selenium.NoSuchSessionException: Session ID is null. Using WebDriver after calling quit()?
Build info: version: '3.3.1', revision: '5234b32', time: '2017-03-10 09:04:52 -0800'
System info: host: 'MANISH_GUPTA', ip: '103.236.124.66', os.name: 'Windows 10', os.arch: 'amd64', os.version: '10.0', java.version: '1.8.0_121'
Driver info: driver.version: TestDriver
	at org.openqa.selenium.remote.HttpCommandExecutor.execute(HttpCommandExecutor.java:130)
	at org.openqa.selenium.remote.service.DriverCommandExecutor.execute(DriverCommandExecutor.java:82)
	at org.openqa.selenium.remote.RemoteWebDriver.execute(RemoteWebDriver.java:604)
	at org.openqa.selenium.remote.RemoteWebDriver.get(RemoteWebDriver.java:325)
	at lib.common.TestDriver.loadURL(TestDriver.java:376)
	at lib.common.Browser.loadURL(Browser.java:40)
	at lib.patient.RegisterPage.newRegistrationWithUnSupportedZipCode(RegisterPage.java:114)
	at test.patient.HealPatientRegisterTest.testUnsupportedZipcodeElements(HealPatientRegisterTest.java:208)
... Removed 25 stack frames]]>
    </failure>
  </testcase> <!-- testUnsupportedZipcodeElements -->
  <testcase name="testUnsupportedZipcodeNotifyMe" time="0.002" classname="test.patient.HealPatientRegisterTest"/>
  <testcase name="testUnsupportedZipcodeRegisterInDiffArea" time="0.004" classname="test.patient.HealPatientRegisterTest">
    <failure type="org.openqa.selenium.NoSuchSessionException" message="Session ID is null. Using WebDriver after calling quit()?
Build info: version: &amp;apos;3.3.1&amp;apos;, revision: &amp;apos;5234b32&amp;apos;, time: &amp;apos;2017-03-10 09:04:52 -0800&amp;apos;
System info: host: &amp;apos;MANISH_GUPTA&amp;apos;, ip: &amp;apos;103.236.124.66&amp;apos;, os.name: &amp;apos;Windows 10&amp;apos;, os.arch: &amp;apos;amd64&amp;apos;, os.version: &amp;apos;10.0&amp;apos;, java.version: &amp;apos;1.8.0_121&amp;apos;
Driver info: driver.version: TestDriver">
      <![CDATA[org.openqa.selenium.NoSuchSessionException: Session ID is null. Using WebDriver after calling quit()?
Build info: version: '3.3.1', revision: '5234b32', time: '2017-03-10 09:04:52 -0800'
System info: host: 'MANISH_GUPTA', ip: '103.236.124.66', os.name: 'Windows 10', os.arch: 'amd64', os.version: '10.0', java.version: '1.8.0_121'
Driver info: driver.version: TestDriver
	at org.openqa.selenium.remote.HttpCommandExecutor.execute(HttpCommandExecutor.java:130)
	at org.openqa.selenium.remote.service.DriverCommandExecutor.execute(DriverCommandExecutor.java:82)
	at org.openqa.selenium.remote.RemoteWebDriver.execute(RemoteWebDriver.java:604)
	at org.openqa.selenium.remote.RemoteWebDriver.get(RemoteWebDriver.java:325)
	at lib.common.TestDriver.loadURL(TestDriver.java:376)
	at lib.common.Browser.loadURL(Browser.java:40)
	at lib.patient.RegisterPage.newRegistrationWithUnSupportedZipCode(RegisterPage.java:114)
	at test.patient.HealPatientRegisterTest.testUnsupportedZipcodeRegisterInDiffArea(HealPatientRegisterTest.java:253)
... Removed 25 stack frames]]>
    </failure>
  </testcase> <!-- testUnsupportedZipcodeRegisterInDiffArea -->
  <testcase name="testValidInvalidEmailAddress" time="0.019" classname="test.patient.HealPatientRegisterTest">
    <failure type="org.openqa.selenium.NoSuchSessionException" message="Session ID is null. Using WebDriver after calling quit()?
Build info: version: &amp;apos;3.3.1&amp;apos;, revision: &amp;apos;5234b32&amp;apos;, time: &amp;apos;2017-03-10 09:04:52 -0800&amp;apos;
System info: host: &amp;apos;MANISH_GUPTA&amp;apos;, ip: &amp;apos;103.236.124.66&amp;apos;, os.name: &amp;apos;Windows 10&amp;apos;, os.arch: &amp;apos;amd64&amp;apos;, os.version: &amp;apos;10.0&amp;apos;, java.version: &amp;apos;1.8.0_121&amp;apos;
Driver info: driver.version: TestDriver">
      <![CDATA[org.openqa.selenium.NoSuchSessionException: Session ID is null. Using WebDriver after calling quit()?
Build info: version: '3.3.1', revision: '5234b32', time: '2017-03-10 09:04:52 -0800'
System info: host: 'MANISH_GUPTA', ip: '103.236.124.66', os.name: 'Windows 10', os.arch: 'amd64', os.version: '10.0', java.version: '1.8.0_121'
Driver info: driver.version: TestDriver
	at org.openqa.selenium.remote.HttpCommandExecutor.execute(HttpCommandExecutor.java:130)
	at org.openqa.selenium.remote.service.DriverCommandExecutor.execute(DriverCommandExecutor.java:82)
	at org.openqa.selenium.remote.RemoteWebDriver.execute(RemoteWebDriver.java:604)
	at org.openqa.selenium.remote.RemoteWebDriver.get(RemoteWebDriver.java:325)
	at lib.common.TestDriver.loadURL(TestDriver.java:376)
	at lib.common.Browser.loadURL(Browser.java:40)
	at lib.patient.RegisterPage.loadURL(RegisterPage.java:28)
	at lib.patient.RegisterPage.validPatientRegisterUrl(RegisterPage.java:201)
	at test.patient.HealPatientRegisterTest.testValidInvalidEmailAddress(HealPatientRegisterTest.java:332)
... Removed 25 stack frames]]>
    </failure>
  </testcase> <!-- testValidInvalidEmailAddress -->
  <testcase name="testValidInvalidPassword" time="0.003" classname="test.patient.HealPatientRegisterTest">
    <failure type="org.openqa.selenium.NoSuchSessionException" message="Session ID is null. Using WebDriver after calling quit()?
Build info: version: &amp;apos;3.3.1&amp;apos;, revision: &amp;apos;5234b32&amp;apos;, time: &amp;apos;2017-03-10 09:04:52 -0800&amp;apos;
System info: host: &amp;apos;MANISH_GUPTA&amp;apos;, ip: &amp;apos;103.236.124.66&amp;apos;, os.name: &amp;apos;Windows 10&amp;apos;, os.arch: &amp;apos;amd64&amp;apos;, os.version: &amp;apos;10.0&amp;apos;, java.version: &amp;apos;1.8.0_121&amp;apos;
Driver info: driver.version: TestDriver">
      <![CDATA[org.openqa.selenium.NoSuchSessionException: Session ID is null. Using WebDriver after calling quit()?
Build info: version: '3.3.1', revision: '5234b32', time: '2017-03-10 09:04:52 -0800'
System info: host: 'MANISH_GUPTA', ip: '103.236.124.66', os.name: 'Windows 10', os.arch: 'amd64', os.version: '10.0', java.version: '1.8.0_121'
Driver info: driver.version: TestDriver
	at org.openqa.selenium.remote.HttpCommandExecutor.execute(HttpCommandExecutor.java:130)
	at org.openqa.selenium.remote.service.DriverCommandExecutor.execute(DriverCommandExecutor.java:82)
	at org.openqa.selenium.remote.RemoteWebDriver.execute(RemoteWebDriver.java:604)
	at org.openqa.selenium.remote.RemoteWebDriver.get(RemoteWebDriver.java:325)
	at lib.common.TestDriver.loadURL(TestDriver.java:376)
	at lib.common.Browser.loadURL(Browser.java:40)
	at lib.patient.RegisterPage.loadURL(RegisterPage.java:28)
	at lib.patient.RegisterPage.validPatientRegisterUrl(RegisterPage.java:201)
	at test.patient.HealPatientRegisterTest.testValidInvalidPassword(HealPatientRegisterTest.java:371)
... Removed 25 stack frames]]>
    </failure>
  </testcase> <!-- testValidInvalidPassword -->
</testsuite> <!-- Heal-Patient-Register-Test -->
