<?xml version="1.0" encoding="UTF-8"?>
<!-- Generated by org.testng.reporters.JUnitXMLReporter -->
<testsuite hostname="Manish_Gupta" name="Heal-Patient-BookVisist-Test" tests="2" failures="2" timestamp="19 Apr 2017 08:29:09 GMT" time="0.071" errors="0">
  <testcase name="testYesEmergencyCase" time="0.011" classname="test.patient.BookVisitTest">
    <failure type="org.openqa.selenium.NoSuchSessionException" message="Session ID is null. Using WebDriver after calling quit()?
Build info: version: &amp;apos;3.3.1&amp;apos;, revision: &amp;apos;5234b32&amp;apos;, time: &amp;apos;2017-03-10 09:04:52 -0800&amp;apos;
System info: host: &amp;apos;MANISH_GUPTA&amp;apos;, ip: &amp;apos;103.236.124.66&amp;apos;, os.name: &amp;apos;Windows 10&amp;apos;, os.arch: &amp;apos;amd64&amp;apos;, os.version: &amp;apos;10.0&amp;apos;, java.version: &amp;apos;1.8.0_121&amp;apos;
Driver info: driver.version: TestDriver">
      <![CDATA[org.openqa.selenium.NoSuchSessionException: Session ID is null. Using WebDriver after calling quit()?
Build info: version: '3.3.1', revision: '5234b32', time: '2017-03-10 09:04:52 -0800'
System info: host: 'MANISH_GUPTA', ip: '103.236.124.66', os.name: 'Windows 10', os.arch: 'amd64', os.version: '10.0', java.version: '1.8.0_121'
Driver info: driver.version: TestDriver
	at org.openqa.selenium.remote.HttpCommandExecutor.execute(HttpCommandExecutor.java:130)
	at org.openqa.selenium.remote.service.DriverCommandExecutor.execute(DriverCommandExecutor.java:82)
	at org.openqa.selenium.remote.RemoteWebDriver.execute(RemoteWebDriver.java:604)
	at org.openqa.selenium.remote.RemoteWebDriver.get(RemoteWebDriver.java:325)
	at lib.common.TestDriver.loadURL(TestDriver.java:376)
	at lib.common.Browser.loadURL(Browser.java:40)
	at lib.patient.HealPatientLoginPage.loadURL(HealPatientLoginPage.java:24)
	at lib.patient.HealPatientLoginPage.login(HealPatientLoginPage.java:71)
	at test.patient.BookVisitTest.testYesEmergencyCase(BookVisitTest.java:83)
... Removed 25 stack frames]]>
    </failure>
  </testcase> <!-- testYesEmergencyCase -->
  <testcase name="testNoEmgergencyCase" time="0.012" classname="test.patient.BookVisitTest">
    <failure type="org.openqa.selenium.NoSuchSessionException" message="Session ID is null. Using WebDriver after calling quit()?
Build info: version: &amp;apos;3.3.1&amp;apos;, revision: &amp;apos;5234b32&amp;apos;, time: &amp;apos;2017-03-10 09:04:52 -0800&amp;apos;
System info: host: &amp;apos;MANISH_GUPTA&amp;apos;, ip: &amp;apos;103.236.124.66&amp;apos;, os.name: &amp;apos;Windows 10&amp;apos;, os.arch: &amp;apos;amd64&amp;apos;, os.version: &amp;apos;10.0&amp;apos;, java.version: &amp;apos;1.8.0_121&amp;apos;
Driver info: driver.version: TestDriver">
      <![CDATA[org.openqa.selenium.NoSuchSessionException: Session ID is null. Using WebDriver after calling quit()?
Build info: version: '3.3.1', revision: '5234b32', time: '2017-03-10 09:04:52 -0800'
System info: host: 'MANISH_GUPTA', ip: '103.236.124.66', os.name: 'Windows 10', os.arch: 'amd64', os.version: '10.0', java.version: '1.8.0_121'
Driver info: driver.version: TestDriver
	at org.openqa.selenium.remote.HttpCommandExecutor.execute(HttpCommandExecutor.java:130)
	at org.openqa.selenium.remote.service.DriverCommandExecutor.execute(DriverCommandExecutor.java:82)
	at org.openqa.selenium.remote.RemoteWebDriver.execute(RemoteWebDriver.java:604)
	at org.openqa.selenium.remote.RemoteWebDriver.get(RemoteWebDriver.java:325)
	at lib.common.TestDriver.loadURL(TestDriver.java:376)
	at lib.common.Browser.loadURL(Browser.java:40)
	at lib.patient.HealPatientLoginPage.loadURL(HealPatientLoginPage.java:24)
	at lib.patient.HealPatientLoginPage.login(HealPatientLoginPage.java:71)
	at test.patient.BookVisitTest.testNoEmgergencyCase(BookVisitTest.java:102)
... Removed 25 stack frames]]>
    </failure>
  </testcase> <!-- testNoEmgergencyCase -->
</testsuite> <!-- Heal-Patient-BookVisist-Test -->
