<?xml version="1.0" encoding="UTF-8"?>
<!-- Generated by org.testng.reporters.JUnitXMLReporter -->
<testsuite hostname="Manish_Gupta" name="Login-Test" tests="9" failures="7" timestamp="19 Apr 2017 13:37:00 GMT" time="162.045" errors="0">
  <testcase name="@AfterTest tearDown" time="0.0" classname="test.patient.BookVisitTest">
    <failure type="org.openqa.selenium.WebDriverException" message="Tried to run command without establishing a connection
Build info: version: &amp;apos;3.3.1&amp;apos;, revision: &amp;apos;5234b32&amp;apos;, time: &amp;apos;2017-03-10 09:04:52 -0800&amp;apos;
System info: host: &amp;apos;MANISH_GUPTA&amp;apos;, ip: &amp;apos;103.236.124.66&amp;apos;, os.name: &amp;apos;Windows 10&amp;apos;, os.arch: &amp;apos;amd64&amp;apos;, os.version: &amp;apos;10.0&amp;apos;, java.version: &amp;apos;1.8.0_121&amp;apos;
Driver info: org.openqa.selenium.firefox.FirefoxDriver
Capabilities [{moz:profile=C:\Users\SWQAIN~1\AppData\Local\Temp\rust_mozprofile.PDOe9Opa9RrK, rotatable=false, timeouts={implicit=0, page load=300000, script=30000}, pageLoadStrategy=normal, platform=ANY, specificationLevel=0, moz:accessibilityChecks=false, acceptInsecureCerts=false, browserVersion=52.0.2, platformVersion=10.0, moz:processID=5344, browserName=firefox, platformName=windows_nt}]
Session ID: 8bf67858-548e-4e53-9ab7-50819b9cfee2">
      <![CDATA[org.openqa.selenium.WebDriverException: Tried to run command without establishing a connection
Build info: version: '3.3.1', revision: '5234b32', time: '2017-03-10 09:04:52 -0800'
System info: host: 'MANISH_GUPTA', ip: '103.236.124.66', os.name: 'Windows 10', os.arch: 'amd64', os.version: '10.0', java.version: '1.8.0_121'
Driver info: org.openqa.selenium.firefox.FirefoxDriver
Capabilities [{moz:profile=C:\Users\SWQAIN~1\AppData\Local\Temp\rust_mozprofile.PDOe9Opa9RrK, rotatable=false, timeouts={implicit=0, page load=300000, script=30000}, pageLoadStrategy=normal, platform=ANY, specificationLevel=0, moz:accessibilityChecks=false, acceptInsecureCerts=false, browserVersion=52.0.2, platformVersion=10.0, moz:processID=5344, browserName=firefox, platformName=windows_nt}]
Session ID: 8bf67858-548e-4e53-9ab7-50819b9cfee2
	at org.openqa.selenium.remote.http.W3CHttpResponseCodec.createException(W3CHttpResponseCodec.java:133)
	at org.openqa.selenium.remote.http.W3CHttpResponseCodec.decode(W3CHttpResponseCodec.java:99)
	at org.openqa.selenium.remote.http.W3CHttpResponseCodec.decode(W3CHttpResponseCodec.java:43)
	at org.openqa.selenium.remote.HttpCommandExecutor.execute(HttpCommandExecutor.java:163)
	at org.openqa.selenium.remote.service.DriverCommandExecutor.execute(DriverCommandExecutor.java:82)
	at org.openqa.selenium.remote.RemoteWebDriver.execute(RemoteWebDriver.java:604)
	at org.openqa.selenium.remote.RemoteWebDriver.execute(RemoteWebDriver.java:661)
	at org.openqa.selenium.remote.RemoteWebDriver.quit(RemoteWebDriver.java:500)
	at lib.common.TestDriver.closeBrowser(TestDriver.java:137)
	at lib.common.TestBase.closeBrowser(TestBase.java:19)
	at test.patient.BookVisitTest.tearDown(BookVisitTest.java:124)
... Removed 27 stack frames]]>
    </failure>
  </testcase> <!-- @AfterTest tearDown -->
  <testcase name="@AfterTest tearDown" time="0.0" classname="test.patient.BookVisitTest">
    <skipped/>
  </testcase> <!-- @AfterTest tearDown -->
  <testcase name="@AfterTest tearDown" time="0.0" classname="test.patient.BookVisitTest">
    <skipped/>
  </testcase> <!-- @AfterTest tearDown -->
  <testcase name="testSecurityCheckRedirectToLoginPage" time="12.78" classname="test.patient.HealPatientLoginTest"/>
  <testcase name="testSecurityWithInvalidURL" time="7.453" classname="test.patient.HealPatientLoginTest">
    <failure type="java.lang.AssertionError" message="Redirected to incorrect URL expected [true] but found [false]">
      <![CDATA[java.lang.AssertionError: Redirected to incorrect URL expected [true] but found [false]
	at test.patient.HealPatientLoginTest.testSecurityWithInvalidURL(HealPatientLoginTest.java:69)
... Removed 28 stack frames]]>
    </failure>
  </testcase> <!-- testSecurityWithInvalidURL -->
  <testcase name="testSecurityCheckRedirectToRegisterPage" time="12.568" classname="test.patient.HealPatientRegisterTest"/>
  <testcase name="testSecurityWithInvalidURL" time="11.679" classname="test.patient.HealPatientRegisterTest">
    <failure type="java.lang.AssertionError" message="Redirected to incorrect URL expected [true] but found [false]">
      <![CDATA[java.lang.AssertionError: Redirected to incorrect URL expected [true] but found [false]
	at test.patient.HealPatientRegisterTest.testSecurityWithInvalidURL(HealPatientRegisterTest.java:73)
... Removed 28 stack frames]]>
    </failure>
  </testcase> <!-- testSecurityWithInvalidURL -->
  <testcase name="testElementsOfRegisterPage" time="116.823" classname="test.patient.HealPatientRegisterTest">
    <failure type="org.openqa.selenium.WebDriverException" message="Failed to decode response from marionette
Build info: version: &amp;apos;3.3.1&amp;apos;, revision: &amp;apos;5234b32&amp;apos;, time: &amp;apos;2017-03-10 09:04:52 -0800&amp;apos;
System info: host: &amp;apos;MANISH_GUPTA&amp;apos;, ip: &amp;apos;103.236.124.66&amp;apos;, os.name: &amp;apos;Windows 10&amp;apos;, os.arch: &amp;apos;amd64&amp;apos;, os.version: &amp;apos;10.0&amp;apos;, java.version: &amp;apos;1.8.0_121&amp;apos;
Driver info: org.openqa.selenium.firefox.FirefoxDriver
Capabilities [{moz:profile=C:\Users\SWQAIN~1\AppData\Local\Temp\rust_mozprofile.PDOe9Opa9RrK, rotatable=false, timeouts={implicit=0, page load=300000, script=30000}, pageLoadStrategy=normal, platform=ANY, specificationLevel=0, moz:accessibilityChecks=false, acceptInsecureCerts=false, browserVersion=52.0.2, platformVersion=10.0, moz:processID=5344, browserName=firefox, platformName=windows_nt}]
Session ID: 8bf67858-548e-4e53-9ab7-50819b9cfee2
*** Element info: {Using=xpath, value=//*[@id=&amp;apos;register-view&amp;apos;]/form/div[9]/div}">
      <![CDATA[org.openqa.selenium.WebDriverException: Failed to decode response from marionette
Build info: version: '3.3.1', revision: '5234b32', time: '2017-03-10 09:04:52 -0800'
System info: host: 'MANISH_GUPTA', ip: '103.236.124.66', os.name: 'Windows 10', os.arch: 'amd64', os.version: '10.0', java.version: '1.8.0_121'
Driver info: org.openqa.selenium.firefox.FirefoxDriver
Capabilities [{moz:profile=C:\Users\SWQAIN~1\AppData\Local\Temp\rust_mozprofile.PDOe9Opa9RrK, rotatable=false, timeouts={implicit=0, page load=300000, script=30000}, pageLoadStrategy=normal, platform=ANY, specificationLevel=0, moz:accessibilityChecks=false, acceptInsecureCerts=false, browserVersion=52.0.2, platformVersion=10.0, moz:processID=5344, browserName=firefox, platformName=windows_nt}]
Session ID: 8bf67858-548e-4e53-9ab7-50819b9cfee2
*** Element info: {Using=xpath, value=//*[@id='register-view']/form/div[9]/div}
	at org.openqa.selenium.remote.http.W3CHttpResponseCodec.createException(W3CHttpResponseCodec.java:133)
	at org.openqa.selenium.remote.http.W3CHttpResponseCodec.decode(W3CHttpResponseCodec.java:99)
	at org.openqa.selenium.remote.http.W3CHttpResponseCodec.decode(W3CHttpResponseCodec.java:43)
	at org.openqa.selenium.remote.HttpCommandExecutor.execute(HttpCommandExecutor.java:163)
	at org.openqa.selenium.remote.service.DriverCommandExecutor.execute(DriverCommandExecutor.java:82)
	at org.openqa.selenium.remote.RemoteWebDriver.execute(RemoteWebDriver.java:604)
	at org.openqa.selenium.remote.RemoteWebDriver.findElement(RemoteWebDriver.java:371)
	at org.openqa.selenium.remote.RemoteWebDriver.findElementByXPath(RemoteWebDriver.java:476)
	at org.openqa.selenium.By$ByXPath.findElement(By.java:361)
	at org.openqa.selenium.remote.RemoteWebDriver.findElement(RemoteWebDriver.java:363)
	at lib.common.TestDriver.getElement(TestDriver.java:313)
	at lib.common.WebPageVerifier.verifyLabelText(WebPageVerifier.java:42)
	at verification.patient.RegisterPageVerifier.verifyLabelHelpLine(RegisterPageVerifier.java:156)
	at test.patient.HealPatientRegisterTest.testElementsOfRegisterPage(HealPatientRegisterTest.java:126)
... Removed 29 stack frames]]>
    </failure>
  </testcase> <!-- testElementsOfRegisterPage -->
  <testcase name="testSecurityCheckWithInvalidURL" time="0.156" classname="test.patient.BookVisitTest">
    <failure type="org.openqa.selenium.WebDriverException" message="Tried to run command without establishing a connection
Build info: version: &amp;apos;3.3.1&amp;apos;, revision: &amp;apos;5234b32&amp;apos;, time: &amp;apos;2017-03-10 09:04:52 -0800&amp;apos;
System info: host: &amp;apos;MANISH_GUPTA&amp;apos;, ip: &amp;apos;103.236.124.66&amp;apos;, os.name: &amp;apos;Windows 10&amp;apos;, os.arch: &amp;apos;amd64&amp;apos;, os.version: &amp;apos;10.0&amp;apos;, java.version: &amp;apos;1.8.0_121&amp;apos;
Driver info: org.openqa.selenium.firefox.FirefoxDriver
Capabilities [{moz:profile=C:\Users\SWQAIN~1\AppData\Local\Temp\rust_mozprofile.PDOe9Opa9RrK, rotatable=false, timeouts={implicit=0, page load=300000, script=30000}, pageLoadStrategy=normal, platform=ANY, specificationLevel=0, moz:accessibilityChecks=false, acceptInsecureCerts=false, browserVersion=52.0.2, platformVersion=10.0, moz:processID=5344, browserName=firefox, platformName=windows_nt}]
Session ID: 8bf67858-548e-4e53-9ab7-50819b9cfee2">
      <![CDATA[org.openqa.selenium.WebDriverException: Tried to run command without establishing a connection
Build info: version: '3.3.1', revision: '5234b32', time: '2017-03-10 09:04:52 -0800'
System info: host: 'MANISH_GUPTA', ip: '103.236.124.66', os.name: 'Windows 10', os.arch: 'amd64', os.version: '10.0', java.version: '1.8.0_121'
Driver info: org.openqa.selenium.firefox.FirefoxDriver
Capabilities [{moz:profile=C:\Users\SWQAIN~1\AppData\Local\Temp\rust_mozprofile.PDOe9Opa9RrK, rotatable=false, timeouts={implicit=0, page load=300000, script=30000}, pageLoadStrategy=normal, platform=ANY, specificationLevel=0, moz:accessibilityChecks=false, acceptInsecureCerts=false, browserVersion=52.0.2, platformVersion=10.0, moz:processID=5344, browserName=firefox, platformName=windows_nt}]
Session ID: 8bf67858-548e-4e53-9ab7-50819b9cfee2
	at org.openqa.selenium.remote.http.W3CHttpResponseCodec.createException(W3CHttpResponseCodec.java:133)
	at org.openqa.selenium.remote.http.W3CHttpResponseCodec.decode(W3CHttpResponseCodec.java:99)
	at org.openqa.selenium.remote.http.W3CHttpResponseCodec.decode(W3CHttpResponseCodec.java:43)
	at org.openqa.selenium.remote.HttpCommandExecutor.execute(HttpCommandExecutor.java:163)
	at org.openqa.selenium.remote.service.DriverCommandExecutor.execute(DriverCommandExecutor.java:82)
	at org.openqa.selenium.remote.RemoteWebDriver.execute(RemoteWebDriver.java:604)
	at org.openqa.selenium.remote.RemoteWebDriver.get(RemoteWebDriver.java:325)
	at lib.common.TestDriver.loadURL(TestDriver.java:379)
	at lib.common.Browser.loadURL(Browser.java:43)
	at lib.patient.BookVisitPage.validBookVisitUrl(BookVisitPage.java:47)
	at test.patient.BookVisitTest.testSecurityCheckWithInvalidURL(BookVisitTest.java:53)
... Removed 29 stack frames]]>
    </failure>
  </testcase> <!-- testSecurityCheckWithInvalidURL -->
  <testcase name="testSecurityWithValidURL" time="0.016" classname="test.patient.BookVisitTest">
    <failure type="org.openqa.selenium.WebDriverException" message="Tried to run command without establishing a connection
Build info: version: &amp;apos;3.3.1&amp;apos;, revision: &amp;apos;5234b32&amp;apos;, time: &amp;apos;2017-03-10 09:04:52 -0800&amp;apos;
System info: host: &amp;apos;MANISH_GUPTA&amp;apos;, ip: &amp;apos;103.236.124.66&amp;apos;, os.name: &amp;apos;Windows 10&amp;apos;, os.arch: &amp;apos;amd64&amp;apos;, os.version: &amp;apos;10.0&amp;apos;, java.version: &amp;apos;1.8.0_121&amp;apos;
Driver info: org.openqa.selenium.firefox.FirefoxDriver
Capabilities [{moz:profile=C:\Users\SWQAIN~1\AppData\Local\Temp\rust_mozprofile.PDOe9Opa9RrK, rotatable=false, timeouts={implicit=0, page load=300000, script=30000}, pageLoadStrategy=normal, platform=ANY, specificationLevel=0, moz:accessibilityChecks=false, acceptInsecureCerts=false, browserVersion=52.0.2, platformVersion=10.0, moz:processID=5344, browserName=firefox, platformName=windows_nt}]
Session ID: 8bf67858-548e-4e53-9ab7-50819b9cfee2">
      <![CDATA[org.openqa.selenium.WebDriverException: Tried to run command without establishing a connection
Build info: version: '3.3.1', revision: '5234b32', time: '2017-03-10 09:04:52 -0800'
System info: host: 'MANISH_GUPTA', ip: '103.236.124.66', os.name: 'Windows 10', os.arch: 'amd64', os.version: '10.0', java.version: '1.8.0_121'
Driver info: org.openqa.selenium.firefox.FirefoxDriver
Capabilities [{moz:profile=C:\Users\SWQAIN~1\AppData\Local\Temp\rust_mozprofile.PDOe9Opa9RrK, rotatable=false, timeouts={implicit=0, page load=300000, script=30000}, pageLoadStrategy=normal, platform=ANY, specificationLevel=0, moz:accessibilityChecks=false, acceptInsecureCerts=false, browserVersion=52.0.2, platformVersion=10.0, moz:processID=5344, browserName=firefox, platformName=windows_nt}]
Session ID: 8bf67858-548e-4e53-9ab7-50819b9cfee2
	at org.openqa.selenium.remote.http.W3CHttpResponseCodec.createException(W3CHttpResponseCodec.java:133)
	at org.openqa.selenium.remote.http.W3CHttpResponseCodec.decode(W3CHttpResponseCodec.java:99)
	at org.openqa.selenium.remote.http.W3CHttpResponseCodec.decode(W3CHttpResponseCodec.java:43)
	at org.openqa.selenium.remote.HttpCommandExecutor.execute(HttpCommandExecutor.java:163)
	at org.openqa.selenium.remote.service.DriverCommandExecutor.execute(DriverCommandExecutor.java:82)
	at org.openqa.selenium.remote.RemoteWebDriver.execute(RemoteWebDriver.java:604)
	at org.openqa.selenium.remote.RemoteWebDriver.get(RemoteWebDriver.java:325)
	at lib.common.TestDriver.loadURL(TestDriver.java:379)
	at lib.common.Browser.loadURL(Browser.java:43)
	at lib.patient.HealPatientLoginPage.loadURL(HealPatientLoginPage.java:29)
	at lib.patient.HealPatientLoginPage.login(HealPatientLoginPage.java:78)
	at test.patient.BookVisitTest.testSecurityWithValidURL(BookVisitTest.java:67)
... Removed 29 stack frames]]>
    </failure>
  </testcase> <!-- testSecurityWithValidURL -->
  <testcase name="testYesEmergencyCase" time="0.013" classname="test.patient.BookVisitTest">
    <failure type="org.openqa.selenium.WebDriverException" message="Tried to run command without establishing a connection
Build info: version: &amp;apos;3.3.1&amp;apos;, revision: &amp;apos;5234b32&amp;apos;, time: &amp;apos;2017-03-10 09:04:52 -0800&amp;apos;
System info: host: &amp;apos;MANISH_GUPTA&amp;apos;, ip: &amp;apos;103.236.124.66&amp;apos;, os.name: &amp;apos;Windows 10&amp;apos;, os.arch: &amp;apos;amd64&amp;apos;, os.version: &amp;apos;10.0&amp;apos;, java.version: &amp;apos;1.8.0_121&amp;apos;
Driver info: org.openqa.selenium.firefox.FirefoxDriver
Capabilities [{moz:profile=C:\Users\SWQAIN~1\AppData\Local\Temp\rust_mozprofile.PDOe9Opa9RrK, rotatable=false, timeouts={implicit=0, page load=300000, script=30000}, pageLoadStrategy=normal, platform=ANY, specificationLevel=0, moz:accessibilityChecks=false, acceptInsecureCerts=false, browserVersion=52.0.2, platformVersion=10.0, moz:processID=5344, browserName=firefox, platformName=windows_nt}]
Session ID: 8bf67858-548e-4e53-9ab7-50819b9cfee2">
      <![CDATA[org.openqa.selenium.WebDriverException: Tried to run command without establishing a connection
Build info: version: '3.3.1', revision: '5234b32', time: '2017-03-10 09:04:52 -0800'
System info: host: 'MANISH_GUPTA', ip: '103.236.124.66', os.name: 'Windows 10', os.arch: 'amd64', os.version: '10.0', java.version: '1.8.0_121'
Driver info: org.openqa.selenium.firefox.FirefoxDriver
Capabilities [{moz:profile=C:\Users\SWQAIN~1\AppData\Local\Temp\rust_mozprofile.PDOe9Opa9RrK, rotatable=false, timeouts={implicit=0, page load=300000, script=30000}, pageLoadStrategy=normal, platform=ANY, specificationLevel=0, moz:accessibilityChecks=false, acceptInsecureCerts=false, browserVersion=52.0.2, platformVersion=10.0, moz:processID=5344, browserName=firefox, platformName=windows_nt}]
Session ID: 8bf67858-548e-4e53-9ab7-50819b9cfee2
	at org.openqa.selenium.remote.http.W3CHttpResponseCodec.createException(W3CHttpResponseCodec.java:133)
	at org.openqa.selenium.remote.http.W3CHttpResponseCodec.decode(W3CHttpResponseCodec.java:99)
	at org.openqa.selenium.remote.http.W3CHttpResponseCodec.decode(W3CHttpResponseCodec.java:43)
	at org.openqa.selenium.remote.HttpCommandExecutor.execute(HttpCommandExecutor.java:163)
	at org.openqa.selenium.remote.service.DriverCommandExecutor.execute(DriverCommandExecutor.java:82)
	at org.openqa.selenium.remote.RemoteWebDriver.execute(RemoteWebDriver.java:604)
	at org.openqa.selenium.remote.RemoteWebDriver.get(RemoteWebDriver.java:325)
	at lib.common.TestDriver.loadURL(TestDriver.java:379)
	at lib.common.Browser.loadURL(Browser.java:43)
	at lib.patient.HealPatientLoginPage.loadURL(HealPatientLoginPage.java:29)
	at lib.patient.HealPatientLoginPage.login(HealPatientLoginPage.java:78)
	at test.patient.BookVisitTest.testYesEmergencyCase(BookVisitTest.java:84)
... Removed 29 stack frames]]>
    </failure>
  </testcase> <!-- testYesEmergencyCase -->
  <testcase name="testNoEmgergencyCase" time="0.008" classname="test.patient.BookVisitTest">
    <failure type="org.openqa.selenium.WebDriverException" message="Tried to run command without establishing a connection
Build info: version: &amp;apos;3.3.1&amp;apos;, revision: &amp;apos;5234b32&amp;apos;, time: &amp;apos;2017-03-10 09:04:52 -0800&amp;apos;
System info: host: &amp;apos;MANISH_GUPTA&amp;apos;, ip: &amp;apos;103.236.124.66&amp;apos;, os.name: &amp;apos;Windows 10&amp;apos;, os.arch: &amp;apos;amd64&amp;apos;, os.version: &amp;apos;10.0&amp;apos;, java.version: &amp;apos;1.8.0_121&amp;apos;
Driver info: org.openqa.selenium.firefox.FirefoxDriver
Capabilities [{moz:profile=C:\Users\SWQAIN~1\AppData\Local\Temp\rust_mozprofile.PDOe9Opa9RrK, rotatable=false, timeouts={implicit=0, page load=300000, script=30000}, pageLoadStrategy=normal, platform=ANY, specificationLevel=0, moz:accessibilityChecks=false, acceptInsecureCerts=false, browserVersion=52.0.2, platformVersion=10.0, moz:processID=5344, browserName=firefox, platformName=windows_nt}]
Session ID: 8bf67858-548e-4e53-9ab7-50819b9cfee2">
      <![CDATA[org.openqa.selenium.WebDriverException: Tried to run command without establishing a connection
Build info: version: '3.3.1', revision: '5234b32', time: '2017-03-10 09:04:52 -0800'
System info: host: 'MANISH_GUPTA', ip: '103.236.124.66', os.name: 'Windows 10', os.arch: 'amd64', os.version: '10.0', java.version: '1.8.0_121'
Driver info: org.openqa.selenium.firefox.FirefoxDriver
Capabilities [{moz:profile=C:\Users\SWQAIN~1\AppData\Local\Temp\rust_mozprofile.PDOe9Opa9RrK, rotatable=false, timeouts={implicit=0, page load=300000, script=30000}, pageLoadStrategy=normal, platform=ANY, specificationLevel=0, moz:accessibilityChecks=false, acceptInsecureCerts=false, browserVersion=52.0.2, platformVersion=10.0, moz:processID=5344, browserName=firefox, platformName=windows_nt}]
Session ID: 8bf67858-548e-4e53-9ab7-50819b9cfee2
	at org.openqa.selenium.remote.http.W3CHttpResponseCodec.createException(W3CHttpResponseCodec.java:133)
	at org.openqa.selenium.remote.http.W3CHttpResponseCodec.decode(W3CHttpResponseCodec.java:99)
	at org.openqa.selenium.remote.http.W3CHttpResponseCodec.decode(W3CHttpResponseCodec.java:43)
	at org.openqa.selenium.remote.HttpCommandExecutor.execute(HttpCommandExecutor.java:163)
	at org.openqa.selenium.remote.service.DriverCommandExecutor.execute(DriverCommandExecutor.java:82)
	at org.openqa.selenium.remote.RemoteWebDriver.execute(RemoteWebDriver.java:604)
	at org.openqa.selenium.remote.RemoteWebDriver.get(RemoteWebDriver.java:325)
	at lib.common.TestDriver.loadURL(TestDriver.java:379)
	at lib.common.Browser.loadURL(Browser.java:43)
	at lib.patient.HealPatientLoginPage.loadURL(HealPatientLoginPage.java:29)
	at lib.patient.HealPatientLoginPage.login(HealPatientLoginPage.java:78)
	at test.patient.BookVisitTest.testNoEmgergencyCase(BookVisitTest.java:103)
... Removed 29 stack frames]]>
    </failure>
  </testcase> <!-- testNoEmgergencyCase -->
</testsuite> <!-- Login-Test -->
