<?xml version="1.0" encoding="UTF-8"?>
<!-- Generated by org.testng.reporters.JUnitXMLReporter -->
<testsuite hostname="Manish_Gupta" name="Register-Test" tests="17" failures="17" timestamp="19 Apr 2017 09:53:06 GMT" time="0.579" errors="0">
  <testcase name="testSecurityCheckRedirectToRegisterPage" time="0.251" classname="test.patient.HealPatientRegisterTest">
    <failure type="org.openqa.selenium.NoSuchSessionException" message="Session ID is null. Using WebDriver after calling quit()?
Build info: version: &amp;apos;3.3.1&amp;apos;, revision: &amp;apos;5234b32&amp;apos;, time: &amp;apos;2017-03-10 09:04:52 -0800&amp;apos;
System info: host: &amp;apos;MANISH_GUPTA&amp;apos;, ip: &amp;apos;103.236.124.66&amp;apos;, os.name: &amp;apos;Windows 10&amp;apos;, os.arch: &amp;apos;amd64&amp;apos;, os.version: &amp;apos;10.0&amp;apos;, java.version: &amp;apos;1.8.0_121&amp;apos;
Driver info: driver.version: TestDriver">
      <![CDATA[org.openqa.selenium.NoSuchSessionException: Session ID is null. Using WebDriver after calling quit()?
Build info: version: '3.3.1', revision: '5234b32', time: '2017-03-10 09:04:52 -0800'
System info: host: 'MANISH_GUPTA', ip: '103.236.124.66', os.name: 'Windows 10', os.arch: 'amd64', os.version: '10.0', java.version: '1.8.0_121'
Driver info: driver.version: TestDriver
	at org.openqa.selenium.remote.HttpCommandExecutor.execute(HttpCommandExecutor.java:130)
	at org.openqa.selenium.remote.service.DriverCommandExecutor.execute(DriverCommandExecutor.java:82)
	at org.openqa.selenium.remote.RemoteWebDriver.execute(RemoteWebDriver.java:604)
	at org.openqa.selenium.remote.RemoteWebDriver.get(RemoteWebDriver.java:325)
	at lib.common.TestDriver.loadURL(TestDriver.java:376)
	at lib.common.Browser.loadURL(Browser.java:40)
	at lib.patient.RegisterPage.loadURL(RegisterPage.java:28)
	at lib.patient.RegisterPage.validPatientRegisterUrl(RegisterPage.java:201)
	at test.patient.HealPatientRegisterTest.testSecurityCheckRedirectToRegisterPage(HealPatientRegisterTest.java:54)
... Removed 25 stack frames]]>
    </failure>
  </testcase> <!-- testSecurityCheckRedirectToRegisterPage -->
  <testcase name="testSecurityWithInvalidURL" time="0.009" classname="test.patient.HealPatientRegisterTest">
    <failure type="org.openqa.selenium.NoSuchSessionException" message="Session ID is null. Using WebDriver after calling quit()?
Build info: version: &amp;apos;3.3.1&amp;apos;, revision: &amp;apos;5234b32&amp;apos;, time: &amp;apos;2017-03-10 09:04:52 -0800&amp;apos;
System info: host: &amp;apos;MANISH_GUPTA&amp;apos;, ip: &amp;apos;103.236.124.66&amp;apos;, os.name: &amp;apos;Windows 10&amp;apos;, os.arch: &amp;apos;amd64&amp;apos;, os.version: &amp;apos;10.0&amp;apos;, java.version: &amp;apos;1.8.0_121&amp;apos;
Driver info: driver.version: TestDriver">
      <![CDATA[org.openqa.selenium.NoSuchSessionException: Session ID is null. Using WebDriver after calling quit()?
Build info: version: '3.3.1', revision: '5234b32', time: '2017-03-10 09:04:52 -0800'
System info: host: 'MANISH_GUPTA', ip: '103.236.124.66', os.name: 'Windows 10', os.arch: 'amd64', os.version: '10.0', java.version: '1.8.0_121'
Driver info: driver.version: TestDriver
	at org.openqa.selenium.remote.HttpCommandExecutor.execute(HttpCommandExecutor.java:130)
	at org.openqa.selenium.remote.service.DriverCommandExecutor.execute(DriverCommandExecutor.java:82)
	at org.openqa.selenium.remote.RemoteWebDriver.execute(RemoteWebDriver.java:604)
	at org.openqa.selenium.remote.RemoteWebDriver.get(RemoteWebDriver.java:325)
	at lib.common.TestDriver.loadURL(TestDriver.java:376)
	at lib.common.Browser.loadURL(Browser.java:40)
	at lib.patient.RegisterPage.loadURL(RegisterPage.java:28)
	at lib.patient.RegisterPage.validPatientRegisterUrl(RegisterPage.java:201)
	at test.patient.HealPatientRegisterTest.testSecurityWithInvalidURL(HealPatientRegisterTest.java:69)
... Removed 25 stack frames]]>
    </failure>
  </testcase> <!-- testSecurityWithInvalidURL -->
  <testcase name="testElementsOfRegisterPage" time="0.002" classname="test.patient.HealPatientRegisterTest">
    <failure type="org.openqa.selenium.NoSuchSessionException" message="Session ID is null. Using WebDriver after calling quit()?
Build info: version: &amp;apos;3.3.1&amp;apos;, revision: &amp;apos;5234b32&amp;apos;, time: &amp;apos;2017-03-10 09:04:52 -0800&amp;apos;
System info: host: &amp;apos;MANISH_GUPTA&amp;apos;, ip: &amp;apos;103.236.124.66&amp;apos;, os.name: &amp;apos;Windows 10&amp;apos;, os.arch: &amp;apos;amd64&amp;apos;, os.version: &amp;apos;10.0&amp;apos;, java.version: &amp;apos;1.8.0_121&amp;apos;
Driver info: driver.version: TestDriver">
      <![CDATA[org.openqa.selenium.NoSuchSessionException: Session ID is null. Using WebDriver after calling quit()?
Build info: version: '3.3.1', revision: '5234b32', time: '2017-03-10 09:04:52 -0800'
System info: host: 'MANISH_GUPTA', ip: '103.236.124.66', os.name: 'Windows 10', os.arch: 'amd64', os.version: '10.0', java.version: '1.8.0_121'
Driver info: driver.version: TestDriver
	at org.openqa.selenium.remote.HttpCommandExecutor.execute(HttpCommandExecutor.java:130)
	at org.openqa.selenium.remote.service.DriverCommandExecutor.execute(DriverCommandExecutor.java:82)
	at org.openqa.selenium.remote.RemoteWebDriver.execute(RemoteWebDriver.java:604)
	at org.openqa.selenium.remote.RemoteWebDriver.get(RemoteWebDriver.java:325)
	at lib.common.TestDriver.loadURL(TestDriver.java:376)
	at lib.common.Browser.loadURL(Browser.java:40)
	at lib.patient.RegisterPage.loadURL(RegisterPage.java:28)
	at lib.patient.RegisterPage.validPatientRegisterUrl(RegisterPage.java:201)
	at test.patient.HealPatientRegisterTest.testElementsOfRegisterPage(HealPatientRegisterTest.java:82)
... Removed 25 stack frames]]>
    </failure>
  </testcase> <!-- testElementsOfRegisterPage -->
  <testcase name="testRegisterFormWithBlankData" time="0.017" classname="test.patient.HealPatientRegisterTest">
    <failure type="org.openqa.selenium.NoSuchSessionException" message="Session ID is null. Using WebDriver after calling quit()?
Build info: version: &amp;apos;3.3.1&amp;apos;, revision: &amp;apos;5234b32&amp;apos;, time: &amp;apos;2017-03-10 09:04:52 -0800&amp;apos;
System info: host: &amp;apos;MANISH_GUPTA&amp;apos;, ip: &amp;apos;103.236.124.66&amp;apos;, os.name: &amp;apos;Windows 10&amp;apos;, os.arch: &amp;apos;amd64&amp;apos;, os.version: &amp;apos;10.0&amp;apos;, java.version: &amp;apos;1.8.0_121&amp;apos;
Driver info: driver.version: TestDriver">
      <![CDATA[org.openqa.selenium.NoSuchSessionException: Session ID is null. Using WebDriver after calling quit()?
Build info: version: '3.3.1', revision: '5234b32', time: '2017-03-10 09:04:52 -0800'
System info: host: 'MANISH_GUPTA', ip: '103.236.124.66', os.name: 'Windows 10', os.arch: 'amd64', os.version: '10.0', java.version: '1.8.0_121'
Driver info: driver.version: TestDriver
	at org.openqa.selenium.remote.HttpCommandExecutor.execute(HttpCommandExecutor.java:130)
	at org.openqa.selenium.remote.service.DriverCommandExecutor.execute(DriverCommandExecutor.java:82)
	at org.openqa.selenium.remote.RemoteWebDriver.execute(RemoteWebDriver.java:604)
	at org.openqa.selenium.remote.RemoteWebDriver.get(RemoteWebDriver.java:325)
	at lib.common.TestDriver.loadURL(TestDriver.java:376)
	at lib.common.Browser.loadURL(Browser.java:40)
	at lib.patient.RegisterPage.loadURL(RegisterPage.java:28)
	at lib.patient.RegisterPage.validPatientRegisterUrl(RegisterPage.java:201)
	at test.patient.HealPatientRegisterTest.testRegisterFormWithBlankData(HealPatientRegisterTest.java:151)
... Removed 25 stack frames]]>
    </failure>
  </testcase> <!-- testRegisterFormWithBlankData -->
  <testcase name="testBrowserbackButtonFlow" time="0.004" classname="test.patient.HealPatientRegisterTest">
    <failure type="org.openqa.selenium.NoSuchSessionException" message="Session ID is null. Using WebDriver after calling quit()?
Build info: version: &amp;apos;3.3.1&amp;apos;, revision: &amp;apos;5234b32&amp;apos;, time: &amp;apos;2017-03-10 09:04:52 -0800&amp;apos;
System info: host: &amp;apos;MANISH_GUPTA&amp;apos;, ip: &amp;apos;103.236.124.66&amp;apos;, os.name: &amp;apos;Windows 10&amp;apos;, os.arch: &amp;apos;amd64&amp;apos;, os.version: &amp;apos;10.0&amp;apos;, java.version: &amp;apos;1.8.0_121&amp;apos;
Driver info: driver.version: TestDriver">
      <![CDATA[org.openqa.selenium.NoSuchSessionException: Session ID is null. Using WebDriver after calling quit()?
Build info: version: '3.3.1', revision: '5234b32', time: '2017-03-10 09:04:52 -0800'
System info: host: 'MANISH_GUPTA', ip: '103.236.124.66', os.name: 'Windows 10', os.arch: 'amd64', os.version: '10.0', java.version: '1.8.0_121'
Driver info: driver.version: TestDriver
	at org.openqa.selenium.remote.HttpCommandExecutor.execute(HttpCommandExecutor.java:130)
	at org.openqa.selenium.remote.service.DriverCommandExecutor.execute(DriverCommandExecutor.java:82)
	at org.openqa.selenium.remote.RemoteWebDriver.execute(RemoteWebDriver.java:604)
	at org.openqa.selenium.remote.RemoteWebDriver.get(RemoteWebDriver.java:325)
	at lib.common.TestDriver.loadURL(TestDriver.java:376)
	at lib.common.Browser.loadURL(Browser.java:40)
	at lib.patient.RegisterPage.newRegistration(RegisterPage.java:83)
	at test.patient.HealPatientRegisterTest.testBrowserbackButtonFlow(HealPatientRegisterTest.java:174)
... Removed 25 stack frames]]>
    </failure>
  </testcase> <!-- testBrowserbackButtonFlow -->
  <testcase name="testLogInLinkFlow" time="0.001" classname="test.patient.HealPatientRegisterTest">
    <failure type="org.openqa.selenium.NoSuchSessionException" message="Session ID is null. Using WebDriver after calling quit()?
Build info: version: &amp;apos;3.3.1&amp;apos;, revision: &amp;apos;5234b32&amp;apos;, time: &amp;apos;2017-03-10 09:04:52 -0800&amp;apos;
System info: host: &amp;apos;MANISH_GUPTA&amp;apos;, ip: &amp;apos;103.236.124.66&amp;apos;, os.name: &amp;apos;Windows 10&amp;apos;, os.arch: &amp;apos;amd64&amp;apos;, os.version: &amp;apos;10.0&amp;apos;, java.version: &amp;apos;1.8.0_121&amp;apos;
Driver info: driver.version: TestDriver">
      <![CDATA[org.openqa.selenium.NoSuchSessionException: Session ID is null. Using WebDriver after calling quit()?
Build info: version: '3.3.1', revision: '5234b32', time: '2017-03-10 09:04:52 -0800'
System info: host: 'MANISH_GUPTA', ip: '103.236.124.66', os.name: 'Windows 10', os.arch: 'amd64', os.version: '10.0', java.version: '1.8.0_121'
Driver info: driver.version: TestDriver
	at org.openqa.selenium.remote.HttpCommandExecutor.execute(HttpCommandExecutor.java:130)
	at org.openqa.selenium.remote.service.DriverCommandExecutor.execute(DriverCommandExecutor.java:82)
	at org.openqa.selenium.remote.RemoteWebDriver.execute(RemoteWebDriver.java:604)
	at org.openqa.selenium.remote.RemoteWebDriver.get(RemoteWebDriver.java:325)
	at lib.common.TestDriver.loadURL(TestDriver.java:376)
	at lib.common.Browser.loadURL(Browser.java:40)
	at lib.patient.RegisterPage.loadURL(RegisterPage.java:28)
	at lib.patient.RegisterPage.validPatientRegisterUrl(RegisterPage.java:201)
	at test.patient.HealPatientRegisterTest.testLogInLinkFlow(HealPatientRegisterTest.java:188)
... Removed 25 stack frames]]>
    </failure>
  </testcase> <!-- testLogInLinkFlow -->
  <testcase name="testRegisterWithValidData" time="0.002" classname="test.patient.HealPatientRegisterTest">
    <failure type="org.openqa.selenium.NoSuchSessionException" message="Session ID is null. Using WebDriver after calling quit()?
Build info: version: &amp;apos;3.3.1&amp;apos;, revision: &amp;apos;5234b32&amp;apos;, time: &amp;apos;2017-03-10 09:04:52 -0800&amp;apos;
System info: host: &amp;apos;MANISH_GUPTA&amp;apos;, ip: &amp;apos;103.236.124.66&amp;apos;, os.name: &amp;apos;Windows 10&amp;apos;, os.arch: &amp;apos;amd64&amp;apos;, os.version: &amp;apos;10.0&amp;apos;, java.version: &amp;apos;1.8.0_121&amp;apos;
Driver info: driver.version: TestDriver">
      <![CDATA[org.openqa.selenium.NoSuchSessionException: Session ID is null. Using WebDriver after calling quit()?
Build info: version: '3.3.1', revision: '5234b32', time: '2017-03-10 09:04:52 -0800'
System info: host: 'MANISH_GUPTA', ip: '103.236.124.66', os.name: 'Windows 10', os.arch: 'amd64', os.version: '10.0', java.version: '1.8.0_121'
Driver info: driver.version: TestDriver
	at org.openqa.selenium.remote.HttpCommandExecutor.execute(HttpCommandExecutor.java:130)
	at org.openqa.selenium.remote.service.DriverCommandExecutor.execute(DriverCommandExecutor.java:82)
	at org.openqa.selenium.remote.RemoteWebDriver.execute(RemoteWebDriver.java:604)
	at org.openqa.selenium.remote.RemoteWebDriver.get(RemoteWebDriver.java:325)
	at lib.common.TestDriver.loadURL(TestDriver.java:376)
	at lib.common.Browser.loadURL(Browser.java:40)
	at lib.patient.RegisterPage.newRegistration(RegisterPage.java:83)
	at test.patient.HealPatientRegisterTest.testRegisterWithValidData(HealPatientRegisterTest.java:200)
... Removed 25 stack frames]]>
    </failure>
  </testcase> <!-- testRegisterWithValidData -->
  <testcase name="testUnsupportedZipcodeElements" time="0.002" classname="test.patient.HealPatientRegisterTest">
    <failure type="org.openqa.selenium.NoSuchSessionException" message="Session ID is null. Using WebDriver after calling quit()?
Build info: version: &amp;apos;3.3.1&amp;apos;, revision: &amp;apos;5234b32&amp;apos;, time: &amp;apos;2017-03-10 09:04:52 -0800&amp;apos;
System info: host: &amp;apos;MANISH_GUPTA&amp;apos;, ip: &amp;apos;103.236.124.66&amp;apos;, os.name: &amp;apos;Windows 10&amp;apos;, os.arch: &amp;apos;amd64&amp;apos;, os.version: &amp;apos;10.0&amp;apos;, java.version: &amp;apos;1.8.0_121&amp;apos;
Driver info: driver.version: TestDriver">
      <![CDATA[org.openqa.selenium.NoSuchSessionException: Session ID is null. Using WebDriver after calling quit()?
Build info: version: '3.3.1', revision: '5234b32', time: '2017-03-10 09:04:52 -0800'
System info: host: 'MANISH_GUPTA', ip: '103.236.124.66', os.name: 'Windows 10', os.arch: 'amd64', os.version: '10.0', java.version: '1.8.0_121'
Driver info: driver.version: TestDriver
	at org.openqa.selenium.remote.HttpCommandExecutor.execute(HttpCommandExecutor.java:130)
	at org.openqa.selenium.remote.service.DriverCommandExecutor.execute(DriverCommandExecutor.java:82)
	at org.openqa.selenium.remote.RemoteWebDriver.execute(RemoteWebDriver.java:604)
	at org.openqa.selenium.remote.RemoteWebDriver.get(RemoteWebDriver.java:325)
	at lib.common.TestDriver.loadURL(TestDriver.java:376)
	at lib.common.Browser.loadURL(Browser.java:40)
	at lib.patient.RegisterPage.newRegistrationWithUnSupportedZipCode(RegisterPage.java:114)
	at test.patient.HealPatientRegisterTest.testUnsupportedZipcodeElements(HealPatientRegisterTest.java:210)
... Removed 25 stack frames]]>
    </failure>
  </testcase> <!-- testUnsupportedZipcodeElements -->
  <testcase name="testUnsupportedZipcodeContinue" time="0.002" classname="test.patient.HealPatientRegisterTest">
    <failure type="org.openqa.selenium.NoSuchSessionException" message="Session ID is null. Using WebDriver after calling quit()?
Build info: version: &amp;apos;3.3.1&amp;apos;, revision: &amp;apos;5234b32&amp;apos;, time: &amp;apos;2017-03-10 09:04:52 -0800&amp;apos;
System info: host: &amp;apos;MANISH_GUPTA&amp;apos;, ip: &amp;apos;103.236.124.66&amp;apos;, os.name: &amp;apos;Windows 10&amp;apos;, os.arch: &amp;apos;amd64&amp;apos;, os.version: &amp;apos;10.0&amp;apos;, java.version: &amp;apos;1.8.0_121&amp;apos;
Driver info: driver.version: TestDriver">
      <![CDATA[org.openqa.selenium.NoSuchSessionException: Session ID is null. Using WebDriver after calling quit()?
Build info: version: '3.3.1', revision: '5234b32', time: '2017-03-10 09:04:52 -0800'
System info: host: 'MANISH_GUPTA', ip: '103.236.124.66', os.name: 'Windows 10', os.arch: 'amd64', os.version: '10.0', java.version: '1.8.0_121'
Driver info: driver.version: TestDriver
	at org.openqa.selenium.remote.HttpCommandExecutor.execute(HttpCommandExecutor.java:130)
	at org.openqa.selenium.remote.service.DriverCommandExecutor.execute(DriverCommandExecutor.java:82)
	at org.openqa.selenium.remote.RemoteWebDriver.execute(RemoteWebDriver.java:604)
	at org.openqa.selenium.remote.RemoteWebDriver.get(RemoteWebDriver.java:325)
	at lib.common.TestDriver.loadURL(TestDriver.java:376)
	at lib.common.Browser.loadURL(Browser.java:40)
	at lib.patient.RegisterPage.newRegistrationWithUnSupportedZipCode(RegisterPage.java:114)
	at test.patient.HealPatientRegisterTest.testUnsupportedZipcodeContinue(HealPatientRegisterTest.java:237)
... Removed 25 stack frames]]>
    </failure>
  </testcase> <!-- testUnsupportedZipcodeContinue -->
  <testcase name="testUnsupportedZipcodeRegisterInDiffArea" time="0.005" classname="test.patient.HealPatientRegisterTest">
    <failure type="org.openqa.selenium.NoSuchSessionException" message="Session ID is null. Using WebDriver after calling quit()?
Build info: version: &amp;apos;3.3.1&amp;apos;, revision: &amp;apos;5234b32&amp;apos;, time: &amp;apos;2017-03-10 09:04:52 -0800&amp;apos;
System info: host: &amp;apos;MANISH_GUPTA&amp;apos;, ip: &amp;apos;103.236.124.66&amp;apos;, os.name: &amp;apos;Windows 10&amp;apos;, os.arch: &amp;apos;amd64&amp;apos;, os.version: &amp;apos;10.0&amp;apos;, java.version: &amp;apos;1.8.0_121&amp;apos;
Driver info: driver.version: TestDriver">
      <![CDATA[org.openqa.selenium.NoSuchSessionException: Session ID is null. Using WebDriver after calling quit()?
Build info: version: '3.3.1', revision: '5234b32', time: '2017-03-10 09:04:52 -0800'
System info: host: 'MANISH_GUPTA', ip: '103.236.124.66', os.name: 'Windows 10', os.arch: 'amd64', os.version: '10.0', java.version: '1.8.0_121'
Driver info: driver.version: TestDriver
	at org.openqa.selenium.remote.HttpCommandExecutor.execute(HttpCommandExecutor.java:130)
	at org.openqa.selenium.remote.service.DriverCommandExecutor.execute(DriverCommandExecutor.java:82)
	at org.openqa.selenium.remote.RemoteWebDriver.execute(RemoteWebDriver.java:604)
	at org.openqa.selenium.remote.RemoteWebDriver.get(RemoteWebDriver.java:325)
	at lib.common.TestDriver.loadURL(TestDriver.java:376)
	at lib.common.Browser.loadURL(Browser.java:40)
	at lib.patient.RegisterPage.newRegistrationWithUnSupportedZipCode(RegisterPage.java:114)
	at test.patient.HealPatientRegisterTest.testUnsupportedZipcodeRegisterInDiffArea(HealPatientRegisterTest.java:255)
... Removed 25 stack frames]]>
    </failure>
  </testcase> <!-- testUnsupportedZipcodeRegisterInDiffArea -->
  <testcase name="testRegisterWithExistingUserName" time="0.002" classname="test.patient.HealPatientRegisterTest">
    <failure type="org.openqa.selenium.NoSuchSessionException" message="Session ID is null. Using WebDriver after calling quit()?
Build info: version: &amp;apos;3.3.1&amp;apos;, revision: &amp;apos;5234b32&amp;apos;, time: &amp;apos;2017-03-10 09:04:52 -0800&amp;apos;
System info: host: &amp;apos;MANISH_GUPTA&amp;apos;, ip: &amp;apos;103.236.124.66&amp;apos;, os.name: &amp;apos;Windows 10&amp;apos;, os.arch: &amp;apos;amd64&amp;apos;, os.version: &amp;apos;10.0&amp;apos;, java.version: &amp;apos;1.8.0_121&amp;apos;
Driver info: driver.version: TestDriver">
      <![CDATA[org.openqa.selenium.NoSuchSessionException: Session ID is null. Using WebDriver after calling quit()?
Build info: version: '3.3.1', revision: '5234b32', time: '2017-03-10 09:04:52 -0800'
System info: host: 'MANISH_GUPTA', ip: '103.236.124.66', os.name: 'Windows 10', os.arch: 'amd64', os.version: '10.0', java.version: '1.8.0_121'
Driver info: driver.version: TestDriver
	at org.openqa.selenium.remote.HttpCommandExecutor.execute(HttpCommandExecutor.java:130)
	at org.openqa.selenium.remote.service.DriverCommandExecutor.execute(DriverCommandExecutor.java:82)
	at org.openqa.selenium.remote.RemoteWebDriver.execute(RemoteWebDriver.java:604)
	at org.openqa.selenium.remote.RemoteWebDriver.get(RemoteWebDriver.java:325)
	at lib.common.TestDriver.loadURL(TestDriver.java:376)
	at lib.common.Browser.loadURL(Browser.java:40)
	at lib.patient.RegisterPage.newRegistrationWithExistingEmail(RegisterPage.java:145)
	at test.patient.HealPatientRegisterTest.testRegisterWithExistingUserName(HealPatientRegisterTest.java:276)
... Removed 25 stack frames]]>
    </failure>
  </testcase> <!-- testRegisterWithExistingUserName -->
  <testcase name="testPasswordMismatch" time="0.009" classname="test.patient.HealPatientRegisterTest">
    <failure type="org.openqa.selenium.NoSuchSessionException" message="Session ID is null. Using WebDriver after calling quit()?
Build info: version: &amp;apos;3.3.1&amp;apos;, revision: &amp;apos;5234b32&amp;apos;, time: &amp;apos;2017-03-10 09:04:52 -0800&amp;apos;
System info: host: &amp;apos;MANISH_GUPTA&amp;apos;, ip: &amp;apos;103.236.124.66&amp;apos;, os.name: &amp;apos;Windows 10&amp;apos;, os.arch: &amp;apos;amd64&amp;apos;, os.version: &amp;apos;10.0&amp;apos;, java.version: &amp;apos;1.8.0_121&amp;apos;
Driver info: driver.version: TestDriver">
      <![CDATA[org.openqa.selenium.NoSuchSessionException: Session ID is null. Using WebDriver after calling quit()?
Build info: version: '3.3.1', revision: '5234b32', time: '2017-03-10 09:04:52 -0800'
System info: host: 'MANISH_GUPTA', ip: '103.236.124.66', os.name: 'Windows 10', os.arch: 'amd64', os.version: '10.0', java.version: '1.8.0_121'
Driver info: driver.version: TestDriver
	at org.openqa.selenium.remote.HttpCommandExecutor.execute(HttpCommandExecutor.java:130)
	at org.openqa.selenium.remote.service.DriverCommandExecutor.execute(DriverCommandExecutor.java:82)
	at org.openqa.selenium.remote.RemoteWebDriver.execute(RemoteWebDriver.java:604)
	at org.openqa.selenium.remote.RemoteWebDriver.get(RemoteWebDriver.java:325)
	at lib.common.TestDriver.loadURL(TestDriver.java:376)
	at lib.common.Browser.loadURL(Browser.java:40)
	at lib.patient.RegisterPage.newRegistrationWithMismatchPassword(RegisterPage.java:174)
	at test.patient.HealPatientRegisterTest.testPasswordMismatch(HealPatientRegisterTest.java:287)
... Removed 25 stack frames]]>
    </failure>
  </testcase> <!-- testPasswordMismatch -->
  <testcase name="testConsistentErrorMessageForBlankFiled" time="0.005" classname="test.patient.HealPatientRegisterTest">
    <failure type="org.openqa.selenium.NoSuchSessionException" message="Session ID is null. Using WebDriver after calling quit()?
Build info: version: &amp;apos;3.3.1&amp;apos;, revision: &amp;apos;5234b32&amp;apos;, time: &amp;apos;2017-03-10 09:04:52 -0800&amp;apos;
System info: host: &amp;apos;MANISH_GUPTA&amp;apos;, ip: &amp;apos;103.236.124.66&amp;apos;, os.name: &amp;apos;Windows 10&amp;apos;, os.arch: &amp;apos;amd64&amp;apos;, os.version: &amp;apos;10.0&amp;apos;, java.version: &amp;apos;1.8.0_121&amp;apos;
Driver info: driver.version: TestDriver">
      <![CDATA[org.openqa.selenium.NoSuchSessionException: Session ID is null. Using WebDriver after calling quit()?
Build info: version: '3.3.1', revision: '5234b32', time: '2017-03-10 09:04:52 -0800'
System info: host: 'MANISH_GUPTA', ip: '103.236.124.66', os.name: 'Windows 10', os.arch: 'amd64', os.version: '10.0', java.version: '1.8.0_121'
Driver info: driver.version: TestDriver
	at org.openqa.selenium.remote.HttpCommandExecutor.execute(HttpCommandExecutor.java:130)
	at org.openqa.selenium.remote.service.DriverCommandExecutor.execute(DriverCommandExecutor.java:82)
	at org.openqa.selenium.remote.RemoteWebDriver.execute(RemoteWebDriver.java:604)
	at org.openqa.selenium.remote.RemoteWebDriver.get(RemoteWebDriver.java:325)
	at lib.common.TestDriver.loadURL(TestDriver.java:376)
	at lib.common.Browser.loadURL(Browser.java:40)
	at lib.patient.RegisterPage.loadURL(RegisterPage.java:28)
	at lib.patient.RegisterPage.validPatientRegisterUrl(RegisterPage.java:201)
	at test.patient.HealPatientRegisterTest.testConsistentErrorMessageForBlankFiled(HealPatientRegisterTest.java:298)
... Removed 25 stack frames]]>
    </failure>
  </testcase> <!-- testConsistentErrorMessageForBlankFiled -->
  <testcase name="testInvalidPhoneNumber" time="0.008" classname="test.patient.HealPatientRegisterTest">
    <failure type="org.openqa.selenium.NoSuchSessionException" message="Session ID is null. Using WebDriver after calling quit()?
Build info: version: &amp;apos;3.3.1&amp;apos;, revision: &amp;apos;5234b32&amp;apos;, time: &amp;apos;2017-03-10 09:04:52 -0800&amp;apos;
System info: host: &amp;apos;MANISH_GUPTA&amp;apos;, ip: &amp;apos;103.236.124.66&amp;apos;, os.name: &amp;apos;Windows 10&amp;apos;, os.arch: &amp;apos;amd64&amp;apos;, os.version: &amp;apos;10.0&amp;apos;, java.version: &amp;apos;1.8.0_121&amp;apos;
Driver info: driver.version: TestDriver">
      <![CDATA[org.openqa.selenium.NoSuchSessionException: Session ID is null. Using WebDriver after calling quit()?
Build info: version: '3.3.1', revision: '5234b32', time: '2017-03-10 09:04:52 -0800'
System info: host: 'MANISH_GUPTA', ip: '103.236.124.66', os.name: 'Windows 10', os.arch: 'amd64', os.version: '10.0', java.version: '1.8.0_121'
Driver info: driver.version: TestDriver
	at org.openqa.selenium.remote.HttpCommandExecutor.execute(HttpCommandExecutor.java:130)
	at org.openqa.selenium.remote.service.DriverCommandExecutor.execute(DriverCommandExecutor.java:82)
	at org.openqa.selenium.remote.RemoteWebDriver.execute(RemoteWebDriver.java:604)
	at org.openqa.selenium.remote.RemoteWebDriver.get(RemoteWebDriver.java:325)
	at lib.common.TestDriver.loadURL(TestDriver.java:376)
	at lib.common.Browser.loadURL(Browser.java:40)
	at lib.patient.RegisterPage.newRegistrationWithInvalidPhoneNumber(RegisterPage.java:273)
	at test.patient.HealPatientRegisterTest.testInvalidPhoneNumber(HealPatientRegisterTest.java:317)
... Removed 25 stack frames]]>
    </failure>
  </testcase> <!-- testInvalidPhoneNumber -->
  <testcase name="testValidInvalidEmailAddress" time="0.001" classname="test.patient.HealPatientRegisterTest">
    <failure type="org.openqa.selenium.NoSuchSessionException" message="Session ID is null. Using WebDriver after calling quit()?
Build info: version: &amp;apos;3.3.1&amp;apos;, revision: &amp;apos;5234b32&amp;apos;, time: &amp;apos;2017-03-10 09:04:52 -0800&amp;apos;
System info: host: &amp;apos;MANISH_GUPTA&amp;apos;, ip: &amp;apos;103.236.124.66&amp;apos;, os.name: &amp;apos;Windows 10&amp;apos;, os.arch: &amp;apos;amd64&amp;apos;, os.version: &amp;apos;10.0&amp;apos;, java.version: &amp;apos;1.8.0_121&amp;apos;
Driver info: driver.version: TestDriver">
      <![CDATA[org.openqa.selenium.NoSuchSessionException: Session ID is null. Using WebDriver after calling quit()?
Build info: version: '3.3.1', revision: '5234b32', time: '2017-03-10 09:04:52 -0800'
System info: host: 'MANISH_GUPTA', ip: '103.236.124.66', os.name: 'Windows 10', os.arch: 'amd64', os.version: '10.0', java.version: '1.8.0_121'
Driver info: driver.version: TestDriver
	at org.openqa.selenium.remote.HttpCommandExecutor.execute(HttpCommandExecutor.java:130)
	at org.openqa.selenium.remote.service.DriverCommandExecutor.execute(DriverCommandExecutor.java:82)
	at org.openqa.selenium.remote.RemoteWebDriver.execute(RemoteWebDriver.java:604)
	at org.openqa.selenium.remote.RemoteWebDriver.get(RemoteWebDriver.java:325)
	at lib.common.TestDriver.loadURL(TestDriver.java:376)
	at lib.common.Browser.loadURL(Browser.java:40)
	at lib.patient.RegisterPage.loadURL(RegisterPage.java:28)
	at lib.patient.RegisterPage.validPatientRegisterUrl(RegisterPage.java:201)
	at test.patient.HealPatientRegisterTest.testValidInvalidEmailAddress(HealPatientRegisterTest.java:334)
... Removed 25 stack frames]]>
    </failure>
  </testcase> <!-- testValidInvalidEmailAddress -->
  <testcase name="testValidInvalidPassword" time="0.016" classname="test.patient.HealPatientRegisterTest">
    <failure type="org.openqa.selenium.NoSuchSessionException" message="Session ID is null. Using WebDriver after calling quit()?
Build info: version: &amp;apos;3.3.1&amp;apos;, revision: &amp;apos;5234b32&amp;apos;, time: &amp;apos;2017-03-10 09:04:52 -0800&amp;apos;
System info: host: &amp;apos;MANISH_GUPTA&amp;apos;, ip: &amp;apos;103.236.124.66&amp;apos;, os.name: &amp;apos;Windows 10&amp;apos;, os.arch: &amp;apos;amd64&amp;apos;, os.version: &amp;apos;10.0&amp;apos;, java.version: &amp;apos;1.8.0_121&amp;apos;
Driver info: driver.version: TestDriver">
      <![CDATA[org.openqa.selenium.NoSuchSessionException: Session ID is null. Using WebDriver after calling quit()?
Build info: version: '3.3.1', revision: '5234b32', time: '2017-03-10 09:04:52 -0800'
System info: host: 'MANISH_GUPTA', ip: '103.236.124.66', os.name: 'Windows 10', os.arch: 'amd64', os.version: '10.0', java.version: '1.8.0_121'
Driver info: driver.version: TestDriver
	at org.openqa.selenium.remote.HttpCommandExecutor.execute(HttpCommandExecutor.java:130)
	at org.openqa.selenium.remote.service.DriverCommandExecutor.execute(DriverCommandExecutor.java:82)
	at org.openqa.selenium.remote.RemoteWebDriver.execute(RemoteWebDriver.java:604)
	at org.openqa.selenium.remote.RemoteWebDriver.get(RemoteWebDriver.java:325)
	at lib.common.TestDriver.loadURL(TestDriver.java:376)
	at lib.common.Browser.loadURL(Browser.java:40)
	at lib.patient.RegisterPage.loadURL(RegisterPage.java:28)
	at lib.patient.RegisterPage.validPatientRegisterUrl(RegisterPage.java:201)
	at test.patient.HealPatientRegisterTest.testValidInvalidPassword(HealPatientRegisterTest.java:373)
... Removed 25 stack frames]]>
    </failure>
  </testcase> <!-- testValidInvalidPassword -->
  <testcase name="testNormsAndConditionsLink" time="0.002" classname="test.patient.HealPatientRegisterTest">
    <failure type="org.openqa.selenium.NoSuchSessionException" message="Session ID is null. Using WebDriver after calling quit()?
Build info: version: &amp;apos;3.3.1&amp;apos;, revision: &amp;apos;5234b32&amp;apos;, time: &amp;apos;2017-03-10 09:04:52 -0800&amp;apos;
System info: host: &amp;apos;MANISH_GUPTA&amp;apos;, ip: &amp;apos;103.236.124.66&amp;apos;, os.name: &amp;apos;Windows 10&amp;apos;, os.arch: &amp;apos;amd64&amp;apos;, os.version: &amp;apos;10.0&amp;apos;, java.version: &amp;apos;1.8.0_121&amp;apos;
Driver info: driver.version: TestDriver">
      <![CDATA[org.openqa.selenium.NoSuchSessionException: Session ID is null. Using WebDriver after calling quit()?
Build info: version: '3.3.1', revision: '5234b32', time: '2017-03-10 09:04:52 -0800'
System info: host: 'MANISH_GUPTA', ip: '103.236.124.66', os.name: 'Windows 10', os.arch: 'amd64', os.version: '10.0', java.version: '1.8.0_121'
Driver info: driver.version: TestDriver
	at org.openqa.selenium.remote.HttpCommandExecutor.execute(HttpCommandExecutor.java:130)
	at org.openqa.selenium.remote.service.DriverCommandExecutor.execute(DriverCommandExecutor.java:82)
	at org.openqa.selenium.remote.RemoteWebDriver.execute(RemoteWebDriver.java:604)
	at org.openqa.selenium.remote.RemoteWebDriver.get(RemoteWebDriver.java:325)
	at lib.common.TestDriver.loadURL(TestDriver.java:376)
	at lib.common.Browser.loadURL(Browser.java:40)
	at lib.patient.RegisterPage.loadURL(RegisterPage.java:28)
	at lib.patient.RegisterPage.validPatientRegisterUrl(RegisterPage.java:201)
	at test.patient.HealPatientRegisterTest.testNormsAndConditionsLink(HealPatientRegisterTest.java:465)
... Removed 25 stack frames]]>
    </failure>
  </testcase> <!-- testNormsAndConditionsLink -->
</testsuite> <!-- Register-Test -->
