<?xml version="1.0" encoding="UTF-8"?>
<!-- Generated by org.testng.reporters.JUnitXMLReporter -->
<testsuite hostname="jaydeep" ignored="15" name="Test" tests="31" failures="0" timestamp="28 Apr 2017 14:18:53 GMT" time="1987.221" errors="0">
  <testcase name="testSecurityCheckRedirectToLoginPage" time="22.733" classname="test.patient.LoginTest"/>
  <testcase name="testElementsOfLoginPage" time="121.035" classname="test.patient.LoginTest"/>
  <testcase name="testRegisterLinkFlow" time="8.056" classname="test.patient.LoginTest"/>
  <testcase name="testLogInFormWithBlankData" time="51.848" classname="test.patient.LoginTest"/>
  <testcase name="testValidationOfLoginForm" time="41.037" classname="test.patient.LoginTest"/>
  <testcase name="testNormsAndConditionsLink" time="77.26" classname="test.patient.LoginTest"/>
  <testcase name="testloginWithValidCredentails" time="30.431" classname="test.patient.LoginTest"/>
  <testcase name="testSecurityCheckRedirectToRegisterPage" time="13.11" classname="test.patient.RegisterTest"/>
  <testcase name="testElementsOfRegisterPage" time="161.358" classname="test.patient.RegisterTest"/>
  <testcase name="testRegisterFormWithBlankData" time="67.716" classname="test.patient.RegisterTest"/>
  <testcase name="testBrowserbackButtonFlow" time="45.466" classname="test.patient.RegisterTest"/>
  <testcase name="testLogInLinkFlow" time="9.742" classname="test.patient.RegisterTest"/>
  <testcase name="testRegisterWithValidData" time="38.549" classname="test.patient.RegisterTest"/>
  <testcase name="testUnsupportedZipcodeElements" time="72.793" classname="test.patient.RegisterTest"/>
  <testcase name="testUnsupportedZipcodeContinue" time="27.514" classname="test.patient.RegisterTest"/>
  <testcase name="testRegisterWithExistingUserName" time="20.257" classname="test.patient.RegisterTest"/>
  <testcase name="testPasswordMismatch" time="20.393" classname="test.patient.RegisterTest"/>
  <testcase name="testConsistentErrorMessageForBlankFiled" time="41.492" classname="test.patient.RegisterTest"/>
  <testcase name="testInvalidPhoneNumber" time="31.843" classname="test.patient.RegisterTest"/>
  <testcase name="testValidInvalidEmailAddress" time="86.746" classname="test.patient.RegisterTest"/>
  <testcase name="testValidInvalidPassword" time="151.923" classname="test.patient.RegisterTest"/>
  <testcase name="testNormsAndConditionsLink" time="73.361" classname="test.patient.RegisterTest"/>
  <testcase name="testElementsOfBookVisitPage" time="175.743" classname="test.patient.BookVisitTest"/>
  <testcase name="testYesEmergencyCase" time="53.253" classname="test.patient.BookVisitTest"/>
  <testcase name="testCheckRedirectToPaymentMethods" time="32.946" classname="test.patient.PaymentMethodsTest"/>
  <testcase name="testElementsOfPayment" time="199.496" classname="test.patient.PaymentMethodsTest"/>
  <testcase name="testInvalidCardNumber" time="52.059" classname="test.patient.PaymentMethodsTest"/>
  <testcase name="testInvalidExpirationDate" time="74.014" classname="test.patient.PaymentMethodsTest"/>
  <testcase name="testInvalidSecurityCode" time="64.126" classname="test.patient.PaymentMethodsTest"/>
  <testcase name="testExpiryDateWithMMYYFormat" time="63.945" classname="test.patient.PaymentMethodsTest"/>
  <testcase name="testSecurityCodeWith4Digits" time="47.165" classname="test.patient.PaymentMethodsTest"/>
  <testcase name="testUnsupportedZipcodeRegisterInDiffArea" time="0.0" classname="test.patient.RegisterTest">
    <ignored/>
  </testcase> <!-- testUnsupportedZipcodeRegisterInDiffArea -->
  <testcase name="testUnsupportedZipcodeNotifyMe" time="0.0" classname="test.patient.RegisterTest">
    <ignored/>
  </testcase> <!-- testUnsupportedZipcodeNotifyMe -->
  <testcase name="testValidInvalidFirstName" time="0.0" classname="test.patient.RegisterTest">
    <ignored/>
  </testcase> <!-- testValidInvalidFirstName -->
  <testcase name="testSecurityWithInvalidURL" time="0.0" classname="test.patient.LoginTest">
    <ignored/>
  </testcase> <!-- testSecurityWithInvalidURL -->
  <testcase name="testSecurityWithValidURL" time="0.0" classname="test.patient.BookVisitTest">
    <ignored/>
  </testcase> <!-- testSecurityWithValidURL -->
  <testcase name="testValidInvalidZipcode" time="0.0" classname="test.patient.RegisterTest">
    <ignored/>
  </testcase> <!-- testValidInvalidZipcode -->
  <testcase name="testNoEmgergencyCase" time="0.0" classname="test.patient.BookVisitTest">
    <ignored/>
  </testcase> <!-- testNoEmgergencyCase -->
  <testcase name="testBrowserbackButtonFlow" time="0.0" classname="test.patient.LoginTest">
    <ignored/>
  </testcase> <!-- testBrowserbackButtonFlow -->
  <testcase name="testAddPaymentsWith14DigitsCardnumber" time="0.0" classname="test.patient.PaymentMethodsTest">
    <ignored/>
  </testcase> <!-- testAddPaymentsWith14DigitsCardnumber -->
  <testcase name="testCheckSecurityRedirectToPayments" time="0.0" classname="test.patient.PaymentMethodsTest">
    <ignored/>
  </testcase> <!-- testCheckSecurityRedirectToPayments -->
  <testcase name="testAddPayments" time="0.0" classname="test.patient.PaymentMethodsTest">
    <ignored/>
  </testcase> <!-- testAddPayments -->
  <testcase name="testAddPaymentsWith15DigitsCardnumber" time="0.0" classname="test.patient.PaymentMethodsTest">
    <ignored/>
  </testcase> <!-- testAddPaymentsWith15DigitsCardnumber -->
  <testcase name="testSecurityWithInvalidURL" time="0.0" classname="test.patient.RegisterTest">
    <ignored/>
  </testcase> <!-- testSecurityWithInvalidURL -->
  <testcase name="testValidInvalidLastName" time="0.0" classname="test.patient.RegisterTest">
    <ignored/>
  </testcase> <!-- testValidInvalidLastName -->
  <testcase name="testSecurityCheckWithInvalidURL" time="0.0" classname="test.patient.BookVisitTest">
    <ignored/>
  </testcase> <!-- testSecurityCheckWithInvalidURL -->
</testsuite> <!-- Test -->
